#
# A fatal error has been detected by the Java Runtime Environment:
#
#  SIGSEGV (0xb) at pc=0x00007f2ae5173832, pid=5690, tid=139822430914304
#
# JRE version: 7.0_21-b02
# Java VM: OpenJDK 64-Bit Server VM (23.7-b01 mixed mode linux-amd64 compressed oops)
# Problematic frame:
# C  0x00007f2ae5173832
#
# Failed to write core dump. Core dumps have been disabled. To enable core dumping, try "ulimit -c unlimited" before starting Java again
#
# If you would like to submit a bug report, please include
# instructions on how to reproduce the bug and visit:
#   https://bugs.launchpad.net/ubuntu/+source/openjdk-7/
# The crash happened outside the Java Virtual Machine in native code.
# See problematic frame for where to report the bug.
#

---------------  T H R E A D  ---------------

Current thread (0x00007f2b283b8000):  JavaThread "LWJGL Application" [_thread_in_native, id=5710, stack(0x00007f2af2438000,0x00007f2af2539000)]

siginfo:si_signo=SIGSEGV: si_errno=0, si_code=2 (SEGV_ACCERR), si_addr=0x00007f2b00083000

Registers:
RAX=0x437e000043570000, RBX=0x00007f2b00083000, RCX=0x00007f2adc69a5a8, RDX=0x0000000000000036
RSP=0x00007f2af2536fc8, RBP=0x0000000000000034, RSI=0x00007f2adc677214, RDI=0x00007f2adc344140
R8 =0x00007f2b00082fd8, R9 =0x0000000000000036, R10=0x00007f2af2536cd0, R11=0x00007f2adc677210
R12=0x0000000000000438, R13=0x00007f2adc67727c, R14=0x000000000000ffff, R15=0x00007f2adc0536e0
RIP=0x00007f2ae5173832, EFLAGS=0x0000000000010202, CSGSFS=0x0000000000000033, ERR=0x0000000000000006
  TRAPNO=0x000000000000000e

Top of Stack: (sp=0x00007f2af2536fc8)
0x00007f2af2536fc8:   0000000000000036 0000000000000036
0x00007f2af2536fd8:   00007f2af14bd900 00007f2adc0a8af0
0x00007f2af2536fe8:   00007f2a00000036 00007f2adc677210
0x00007f2af2536ff8:   0000000044387640 0000000000000001
0x00007f2af2537008:   00007f2adc344140 00007f2a00000000
0x00007f2af2537018:   0000000500000199 0000000000000000
0x00007f2af2537028:   000000040000000e 0000ffff000000ff
0x00007f2af2537038:   00007f2af25371b0 ffffffff00000002
0x00007f2af2537048:   0000000000000001 ffffff2a00000000
0x00007f2af2537058:   00007f2adc677210 00007f2af2537298
0x00007f2af2537068:   00000036f14af934 0000000000000001
0x00007f2af2537078:   00007f2af2537260 00007f2adc0a8060
0x00007f2af2537088:   00007f2adc0bbd40 00007f2adc0536e0
0x00007f2af2537098:   00007f2af25371b0 00007f2af2537298
0x00007f2af25370a8:   00007f2af14b97cb 0000000100000010
0x00007f2af25370b8:   00007f2adc0ff050 00007f2adc0a8060
0x00007f2af25370c8:   00007f2adc0ffb5c 00007f2adc3a1370
0x00007f2af25370d8:   0000000100001909 00007f2adc0ff948
0x00007f2af25370e8:   00007f2adc374df0 0000000000000000
0x00007f2af25370f8:   00007f2adc0ff050 00007f2adc0bbd40
0x00007f2af2537108:   00007f2af0ca50c0 00000000ffffffff
0x00007f2af2537118:   00007f2af0ca50b8 00007f2adc0ff050
0x00007f2af2537128:   00007f2af0ca50c0 00000000ffffffff
0x00007f2af2537138:   00007f2af2537260 00007f2adc0ff050
0x00007f2af2537148:   00007f2adc0bbd40 00007f2af25371b0
0x00007f2af2537158:   00007f2af2537298 00007f2af2537298
0x00007f2af2537168:   00007f2af09d3b03 0000000000000010
0x00007f2af2537178:   0000000000000000 00007f2adc103630
0x00007f2af2537188:   0000000000000000 0000000000000002
0x00007f2af2537198:   0000000000000000 00007f2adc677210
0x00007f2af25371a8:   0000000000000000 0000000400000001
0x00007f2af25371b8:   0000003600000000 0000000100000000 

Instructions: (pc=0x00007f2ae5173832)
0x00007f2ae5173812:   b7 0e 3b 8f 78 04 00 00 0f 43 8f 78 04 00 00 0f
0x00007f2ae5173822:   af 8f 70 04 00 00 48 03 8f 68 04 00 00 48 8b 01
0x00007f2ae5173832:   48 89 03 8b 41 08 89 43 08 48 8b 41 0c 48 89 43
0x00007f2ae5173842:   0c 48 8d 5b 14 48 8d 76 02 ff cd 75 c2 5d 5b c3 

Register to memory mapping:

RAX=0x437e000043570000 is an unknown value
RBX=0x00007f2b00083000 is an unknown value
RCX=0x00007f2adc69a5a8 is an unknown value
RDX=0x0000000000000036 is an unknown value
RSP=0x00007f2af2536fc8 is pointing into the stack for thread: 0x00007f2b283b8000
RBP=0x0000000000000034 is an unknown value
RSI=0x00007f2adc677214 is an unknown value
RDI=0x00007f2adc344140 is an unknown value
R8 =0x00007f2b00082fd8 is an unknown value
R9 =0x0000000000000036 is an unknown value
R10=0x00007f2af2536cd0 is pointing into the stack for thread: 0x00007f2b283b8000
R11=0x00007f2adc677210 is an unknown value
R12=0x0000000000000438 is an unknown value
R13=0x00007f2adc67727c is an unknown value
R14=0x000000000000ffff is an unknown value
R15=0x00007f2adc0536e0 is an unknown value


Stack: [0x00007f2af2438000,0x00007f2af2539000],  sp=0x00007f2af2536fc8,  free space=1019k
Native frames: (J=compiled Java code, j=interpreted, Vv=VM code, C=native code)
C  0x00007f2ae5173832

Java frames: (J=compiled Java code, j=interpreted, Vv=VM code)
J  org.lwjgl.opengl.GL11.nglDrawElements(IIIJJ)V
J  com.badlogic.gdx.graphics.g2d.SpriteBatch.renderMesh()V
J  com.badlogic.gdx.graphics.g2d.BitmapFontCache.draw(Lcom/badlogic/gdx/graphics/g2d/SpriteBatch;F)V
J  com.badlogic.gdx.scenes.scene2d.ui.Label.draw(Lcom/badlogic/gdx/graphics/g2d/SpriteBatch;F)V
J  com.badlogic.gdx.scenes.scene2d.Group.drawChildren(Lcom/badlogic/gdx/graphics/g2d/SpriteBatch;F)V
J  com.badlogic.gdx.scenes.scene2d.Group.draw(Lcom/badlogic/gdx/graphics/g2d/SpriteBatch;F)V
J  com.badlogic.gdx.scenes.scene2d.ui.Table.draw(Lcom/badlogic/gdx/graphics/g2d/SpriteBatch;F)V
J  com.badlogic.gdx.scenes.scene2d.ui.Button.draw(Lcom/badlogic/gdx/graphics/g2d/SpriteBatch;F)V
j  com.badlogic.gdx.scenes.scene2d.ui.TextButton.draw(Lcom/badlogic/gdx/graphics/g2d/SpriteBatch;F)V+165
J  com.badlogic.gdx.scenes.scene2d.Group.drawChildren(Lcom/badlogic/gdx/graphics/g2d/SpriteBatch;F)V
J  com.badlogic.gdx.scenes.scene2d.Group.draw(Lcom/badlogic/gdx/graphics/g2d/SpriteBatch;F)V
J  com.badlogic.gdx.scenes.scene2d.ui.Table.draw(Lcom/badlogic/gdx/graphics/g2d/SpriteBatch;F)V
J  com.badlogic.gdx.scenes.scene2d.Group.drawChildren(Lcom/badlogic/gdx/graphics/g2d/SpriteBatch;F)V
J  com.badlogic.gdx.scenes.scene2d.Group.draw(Lcom/badlogic/gdx/graphics/g2d/SpriteBatch;F)V
j  com.badlogic.gdx.scenes.scene2d.Stage.draw()V+48
j  com.ruthlessgames.api.UI.render(F)V+73
j  com.badlogic.gdx.Game.render()V+19
j  com.badlogic.gdx.backends.lwjgl.LwjglApplication.mainLoop()V+491
j  com.badlogic.gdx.backends.lwjgl.LwjglApplication$1.run()V+27
v  ~StubRoutines::call_stub

---------------  P R O C E S S  ---------------

Java Threads: ( => current thread )
  0x00007f2adc2f2800 JavaThread "AssetManager-Loader-Thread" daemon [_thread_blocked, id=5714, stack(0x00007f2ae5b73000,0x00007f2ae5c74000)]
  0x00007f2b28009000 JavaThread "DestroyJavaVM" [_thread_blocked, id=5696, stack(0x00007f2b2e36e000,0x00007f2b2e46f000)]
=>0x00007f2b283b8000 JavaThread "LWJGL Application" [_thread_in_native, id=5710, stack(0x00007f2af2438000,0x00007f2af2539000)]
  0x00007f2b28333000 JavaThread "AWT-XAWT" daemon [_thread_in_native, id=5706, stack(0x00007f2af8ffd000,0x00007f2af90fe000)]
  0x00007f2b282fa000 JavaThread "Java2D Disposer" daemon [_thread_blocked, id=5705, stack(0x00007f2b20034000,0x00007f2b20135000)]
  0x00007f2b28106000 JavaThread "Service Thread" daemon [_thread_blocked, id=5703, stack(0x00007f2b231eb000,0x00007f2b232ec000)]
  0x00007f2b28103000 JavaThread "C2 CompilerThread1" daemon [_thread_blocked, id=5702, stack(0x00007f2b232ec000,0x00007f2b233ed000)]
  0x00007f2b28101000 JavaThread "C2 CompilerThread0" daemon [_thread_blocked, id=5701, stack(0x00007f2b233ed000,0x00007f2b234ee000)]
  0x00007f2b280ff000 JavaThread "Signal Dispatcher" daemon [_thread_blocked, id=5700, stack(0x00007f2b234ee000,0x00007f2b235ef000)]
  0x00007f2b280a8800 JavaThread "Finalizer" daemon [_thread_blocked, id=5699, stack(0x00007f2b238b8000,0x00007f2b239b9000)]
  0x00007f2b280a6000 JavaThread "Reference Handler" daemon [_thread_blocked, id=5698, stack(0x00007f2b239b9000,0x00007f2b23aba000)]

Other Threads:
  0x00007f2b2809d800 VMThread [stack: 0x00007f2b23aba000,0x00007f2b23bbb000] [id=5697]
  0x00007f2b28110800 WatcherThread [stack: 0x00007f2b230ea000,0x00007f2b231eb000] [id=5704]

VM state:not at safepoint (normal execution)

VM Mutex/Monitor currently owned by a thread: None

Heap
 def new generation   total 8384K, used 4986K [0x00000000cc000000, 0x00000000cc910000, 0x00000000d9e00000)
  eden space 7488K,  63% used [0x00000000cc000000, 0x00000000cc4ac280, 0x00000000cc750000)
  from space 896K,  22% used [0x00000000cc750000, 0x00000000cc782800, 0x00000000cc830000)
  to   space 896K,   0% used [0x00000000cc830000, 0x00000000cc830000, 0x00000000cc910000)
 tenured generation   total 18688K, used 5520K [0x00000000d9e00000, 0x00000000db040000, 0x00000000f5a00000)
   the space 18688K,  29% used [0x00000000d9e00000, 0x00000000da364250, 0x00000000da364400, 0x00000000db040000)
 compacting perm gen  total 21248K, used 12026K [0x00000000f5a00000, 0x00000000f6ec0000, 0x0000000100000000)
   the space 21248K,  56% used [0x00000000f5a00000, 0x00000000f65be9b0, 0x00000000f65bea00, 0x00000000f6ec0000)
No shared spaces configured.

Card table byte_map: [0x00007f2b23dd4000,0x00007f2b23f75000] byte_map_base: 0x00007f2b23774000

Polling page: 0x00007f2b2e490000

Code Cache  [0x00007f2b23f75000, 0x00007f2b241e5000, 0x00007f2b26f75000)
 total_blobs=1014 nmethods=532 adapters=434 free_code_cache=47210Kb largest_free_block=48289920

Compilation events (10 events):
Event: 195.822 Thread 0x00007f2b28101000 nmethod 528 0x00007f2b24158d90 code [0x00007f2b24158fc0, 0x00007f2b24159920]
Event: 195.876 Thread 0x00007f2b28103000 nmethod 525 0x00007f2b24161850 code [0x00007f2b24161a80, 0x00007f2b24163238]
Event: 195.937 Thread 0x00007f2b28101000  529             com.badlogic.gdx.backends.lwjgl.LwjglInput::updateKeyboard (350 bytes)
Event: 195.940 Thread 0x00007f2b28103000  530             com.badlogic.gdx.graphics.g2d.SpriteBatch::getColor (76 bytes)
Event: 195.941 Thread 0x00007f2b28103000 nmethod 530 0x00007f2b24151990 code [0x00007f2b24151b00, 0x00007f2b24151bd8]
Event: 195.988 Thread 0x00007f2b28101000 nmethod 529 0x00007f2b241643d0 code [0x00007f2b24164780, 0x00007f2b24166298]
Event: 196.266 Thread 0x00007f2b28103000  531   !         com.badlogic.gdx.backends.lwjgl.LwjglGraphics::shouldRender (44 bytes)
Event: 196.268 Thread 0x00007f2b28103000 nmethod 531 0x00007f2b24155810 code [0x00007f2b24155960, 0x00007f2b24155ca8]
Event: 196.268 Thread 0x00007f2b28103000  532             com.badlogic.gdx.backends.lwjgl.LwjglGraphics::updateTime (65 bytes)
Event: 196.268 Thread 0x00007f2b28103000 nmethod 532 0x00007f2b24153d90 code [0x00007f2b24153ee0, 0x00007f2b24153f98]

GC Heap History (10 events):
Event: 192.593 GC heap before
{Heap before GC invocations=37 (full 0):
 def new generation   total 8384K, used 7766K [0x00000000cc000000, 0x00000000cc910000, 0x00000000d9e00000)
  eden space 7488K, 100% used [0x00000000cc000000, 0x00000000cc750000, 0x00000000cc750000)
  from space 896K,  31% used [0x00000000cc830000, 0x00000000cc875ad0, 0x00000000cc910000)
  to   space 896K,   0% used [0x00000000cc750000, 0x00000000cc750000, 0x00000000cc830000)
 tenured generation   total 18688K, used 5410K [0x00000000d9e00000, 0x00000000db040000, 0x00000000f5a00000)
   the space 18688K,  28% used [0x00000000d9e00000, 0x00000000da348a98, 0x00000000da348c00, 0x00000000db040000)
 compacting perm gen  total 21248K, used 12023K [0x00000000f5a00000, 0x00000000f6ec0000, 0x0000000100000000)
   the space 21248K,  56% used [0x00000000f5a00000, 0x00000000f65bdf18, 0x00000000f65be000, 0x00000000f6ec0000)
No shared spaces configured.
Event: 192.595 GC heap after
Heap after GC invocations=38 (full 0):
 def new generation   total 8384K, used 264K [0x00000000cc000000, 0x00000000cc910000, 0x00000000d9e00000)
  eden space 7488K,   0% used [0x00000000cc000000, 0x00000000cc000000, 0x00000000cc750000)
  from space 896K,  29% used [0x00000000cc750000, 0x00000000cc792318, 0x00000000cc830000)
  to   space 896K,   0% used [0x00000000cc830000, 0x00000000cc830000, 0x00000000cc910000)
 tenured generation   total 18688K, used 5432K [0x00000000d9e00000, 0x00000000db040000, 0x00000000f5a00000)
   the space 18688K,  29% used [0x00000000d9e00000, 0x00000000da34e260, 0x00000000da34e400, 0x00000000db040000)
 compacting perm gen  total 21248K, used 12023K [0x00000000f5a00000, 0x00000000f6ec0000, 0x0000000100000000)
   the space 21248K,  56% used [0x00000000f5a00000, 0x00000000f65bdf18, 0x00000000f65be000, 0x00000000f6ec0000)
No shared spaces configured.
}
Event: 193.389 GC heap before
{Heap before GC invocations=38 (full 0):
 def new generation   total 8384K, used 7752K [0x00000000cc000000, 0x00000000cc910000, 0x00000000d9e00000)
  eden space 7488K, 100% used [0x00000000cc000000, 0x00000000cc750000, 0x00000000cc750000)
  from space 896K,  29% used [0x00000000cc750000, 0x00000000cc792318, 0x00000000cc830000)
  to   space 896K,   0% used [0x00000000cc830000, 0x00000000cc830000, 0x00000000cc910000)
 tenured generation   total 18688K, used 5432K [0x00000000d9e00000, 0x00000000db040000, 0x00000000f5a00000)
   the space 18688K,  29% used [0x00000000d9e00000, 0x00000000da34e260, 0x00000000da34e400, 0x00000000db040000)
 compacting perm gen  total 21248K, used 12023K [0x00000000f5a00000, 0x00000000f6ec0000, 0x0000000100000000)
   the space 21248K,  56% used [0x00000000f5a00000, 0x00000000f65bdf18, 0x00000000f65be000, 0x00000000f6ec0000)
No shared spaces configured.
Event: 193.390 GC heap after
Heap after GC invocations=39 (full 0):
 def new generation   total 8384K, used 263K [0x00000000cc000000, 0x00000000cc910000, 0x00000000d9e00000)
  eden space 7488K,   0% used [0x00000000cc000000, 0x00000000cc000000, 0x00000000cc750000)
  from space 896K,  29% used [0x00000000cc830000, 0x00000000cc871e08, 0x00000000cc910000)
  to   space 896K,   0% used [0x00000000cc750000, 0x00000000cc750000, 0x00000000cc830000)
 tenured generation   total 18688K, used 5444K [0x00000000d9e00000, 0x00000000db040000, 0x00000000f5a00000)
   the space 18688K,  29% used [0x00000000d9e00000, 0x00000000da351050, 0x00000000da351200, 0x00000000db040000)
 compacting perm gen  total 21248K, used 12023K [0x00000000f5a00000, 0x00000000f6ec0000, 0x0000000100000000)
   the space 21248K,  56% used [0x00000000f5a00000, 0x00000000f65bdf18, 0x00000000f65be000, 0x00000000f6ec0000)
No shared spaces configured.
}
Event: 194.033 GC heap before
{Heap before GC invocations=39 (full 0):
 def new generation   total 8384K, used 7751K [0x00000000cc000000, 0x00000000cc910000, 0x00000000d9e00000)
  eden space 7488K, 100% used [0x00000000cc000000, 0x00000000cc750000, 0x00000000cc750000)
  from space 896K,  29% used [0x00000000cc830000, 0x00000000cc871e08, 0x00000000cc910000)
  to   space 896K,   0% used [0x00000000cc750000, 0x00000000cc750000, 0x00000000cc830000)
 tenured generation   total 18688K, used 5444K [0x00000000d9e00000, 0x00000000db040000, 0x00000000f5a00000)
   the space 18688K,  29% used [0x00000000d9e00000, 0x00000000da351050, 0x00000000da351200, 0x00000000db040000)
 compacting perm gen  total 21248K, used 12023K [0x00000000f5a00000, 0x00000000f6ec0000, 0x0000000100000000)
   the space 21248K,  56% used [0x00000000f5a00000, 0x00000000f65bdf18, 0x00000000f65be000, 0x00000000f6ec0000)
No shared spaces configured.
Event: 194.034 GC heap after
Heap after GC invocations=40 (full 0):
 def new generation   total 8384K, used 245K [0x00000000cc000000, 0x00000000cc910000, 0x00000000d9e00000)
  eden space 7488K,   0% used [0x00000000cc000000, 0x00000000cc000000, 0x00000000cc750000)
  from space 896K,  27% used [0x00000000cc750000, 0x00000000cc78d408, 0x00000000cc830000)
  to   space 896K,   0% used [0x00000000cc830000, 0x00000000cc830000, 0x00000000cc910000)
 tenured generation   total 18688K, used 5467K [0x00000000d9e00000, 0x00000000db040000, 0x00000000f5a00000)
   the space 18688K,  29% used [0x00000000d9e00000, 0x00000000da356da8, 0x00000000da356e00, 0x00000000db040000)
 compacting perm gen  total 21248K, used 12023K [0x00000000f5a00000, 0x00000000f6ec0000, 0x0000000100000000)
   the space 21248K,  56% used [0x00000000f5a00000, 0x00000000f65bdf18, 0x00000000f65be000, 0x00000000f6ec0000)
No shared spaces configured.
}
Event: 194.547 GC heap before
{Heap before GC invocations=40 (full 0):
 def new generation   total 8384K, used 7733K [0x00000000cc000000, 0x00000000cc910000, 0x00000000d9e00000)
  eden space 7488K, 100% used [0x00000000cc000000, 0x00000000cc750000, 0x00000000cc750000)
  from space 896K,  27% used [0x00000000cc750000, 0x00000000cc78d408, 0x00000000cc830000)
  to   space 896K,   0% used [0x00000000cc830000, 0x00000000cc830000, 0x00000000cc910000)
 tenured generation   total 18688K, used 5467K [0x00000000d9e00000, 0x00000000db040000, 0x00000000f5a00000)
   the space 18688K,  29% used [0x00000000d9e00000, 0x00000000da356da8, 0x00000000da356e00, 0x00000000db040000)
 compacting perm gen  total 21248K, used 12023K [0x00000000f5a00000, 0x00000000f6ec0000, 0x0000000100000000)
   the space 21248K,  56% used [0x00000000f5a00000, 0x00000000f65bdf18, 0x00000000f65be000, 0x00000000f6ec0000)
No shared spaces configured.
Event: 194.549 GC heap after
Heap after GC invocations=41 (full 0):
 def new generation   total 8384K, used 224K [0x00000000cc000000, 0x00000000cc910000, 0x00000000d9e00000)
  eden space 7488K,   0% used [0x00000000cc000000, 0x00000000cc000000, 0x00000000cc750000)
  from space 896K,  25% used [0x00000000cc830000, 0x00000000cc8681d0, 0x00000000cc910000)
  to   space 896K,   0% used [0x00000000cc750000, 0x00000000cc750000, 0x00000000cc830000)
 tenured generation   total 18688K, used 5493K [0x00000000d9e00000, 0x00000000db040000, 0x00000000f5a00000)
   the space 18688K,  29% used [0x00000000d9e00000, 0x00000000da35d440, 0x00000000da35d600, 0x00000000db040000)
 compacting perm gen  total 21248K, used 12023K [0x00000000f5a00000, 0x00000000f6ec0000, 0x0000000100000000)
   the space 21248K,  56% used [0x00000000f5a00000, 0x00000000f65bdf18, 0x00000000f65be000, 0x00000000f6ec0000)
No shared spaces configured.
}
Event: 195.143 GC heap before
{Heap before GC invocations=41 (full 0):
 def new generation   total 8384K, used 7712K [0x00000000cc000000, 0x00000000cc910000, 0x00000000d9e00000)
  eden space 7488K, 100% used [0x00000000cc000000, 0x00000000cc750000, 0x00000000cc750000)
  from space 896K,  25% used [0x00000000cc830000, 0x00000000cc8681d0, 0x00000000cc910000)
  to   space 896K,   0% used [0x00000000cc750000, 0x00000000cc750000, 0x00000000cc830000)
 tenured generation   total 18688K, used 5493K [0x00000000d9e00000, 0x00000000db040000, 0x00000000f5a00000)
   the space 18688K,  29% used [0x00000000d9e00000, 0x00000000da35d440, 0x00000000da35d600, 0x00000000db040000)
 compacting perm gen  total 21248K, used 12023K [0x00000000f5a00000, 0x00000000f6ec0000, 0x0000000100000000)
   the space 21248K,  56% used [0x00000000f5a00000, 0x00000000f65bdf18, 0x00000000f65be000, 0x00000000f6ec0000)
No shared spaces configured.
Event: 195.145 GC heap after
Heap after GC invocations=42 (full 0):
 def new generation   total 8384K, used 202K [0x00000000cc000000, 0x00000000cc910000, 0x00000000d9e00000)
  eden space 7488K,   0% used [0x00000000cc000000, 0x00000000cc000000, 0x00000000cc750000)
  from space 896K,  22% used [0x00000000cc750000, 0x00000000cc782800, 0x00000000cc830000)
  to   space 896K,   0% used [0x00000000cc830000, 0x00000000cc830000, 0x00000000cc910000)
 tenured generation   total 18688K, used 5520K [0x00000000d9e00000, 0x00000000db040000, 0x00000000f5a00000)
   the space 18688K,  29% used [0x00000000d9e00000, 0x00000000da364250, 0x00000000da364400, 0x00000000db040000)
 compacting perm gen  total 21248K, used 12023K [0x00000000f5a00000, 0x00000000f6ec0000, 0x0000000100000000)
   the space 21248K,  56% used [0x00000000f5a00000, 0x00000000f65bdf18, 0x00000000f65be000, 0x00000000f6ec0000)
No shared spaces configured.
}

Deoptimization events (10 events):
Event: 195.485 Thread 0x00007f2b283b8000 Uncommon trap -12 fr.pc 0x00007f2b2405ba60
Event: 195.606 Thread 0x00007f2b283b8000 Uncommon trap -34 fr.pc 0x00007f2b2412d528
Event: 195.606 Thread 0x00007f2b283b8000 Uncommon trap -34 fr.pc 0x00007f2b2412d528
Event: 195.606 Thread 0x00007f2b283b8000 Uncommon trap -34 fr.pc 0x00007f2b2412d528
Event: 195.606 Thread 0x00007f2b283b8000 Uncommon trap -34 fr.pc 0x00007f2b2412d528
Event: 195.606 Thread 0x00007f2b283b8000 Uncommon trap -83 fr.pc 0x00007f2b240f6ae8
Event: 195.606 Thread 0x00007f2b283b8000 Uncommon trap -34 fr.pc 0x00007f2b2409c684
Event: 195.606 Thread 0x00007f2b283b8000 Uncommon trap -34 fr.pc 0x00007f2b2409c684
Event: 195.606 Thread 0x00007f2b283b8000 Uncommon trap -34 fr.pc 0x00007f2b2409c684
Event: 195.606 Thread 0x00007f2b283b8000 Uncommon trap -34 fr.pc 0x00007f2b2409c684

Internal exceptions (10 events):
Event: 9.237 Thread 0x00007f2b283b8000 Threw 0x00000000cc6c4fc0 at /build/buildd/openjdk-7-7u21-2.3.9/build/openjdk/hotspot/src/share/vm/prims/jvm.cpp:1166
Event: 9.246 Thread 0x00007f2b283b8000 Threw 0x00000000cc6c8dd0 at /build/buildd/openjdk-7-7u21-2.3.9/build/openjdk/hotspot/src/share/vm/prims/jvm.cpp:1166
Event: 13.885 Thread 0x00007f2b283b8000 Threw 0x00000000cc2c3c80 at /build/buildd/openjdk-7-7u21-2.3.9/build/openjdk/hotspot/src/share/vm/prims/jvm.cpp:1166
Event: 13.890 Thread 0x00007f2b283b8000 Threw 0x00000000cc2d1f90 at /build/buildd/openjdk-7-7u21-2.3.9/build/openjdk/hotspot/src/share/vm/prims/jvm.cpp:1166
Event: 17.436 Thread 0x00007f2b283b8000 Threw 0x00000000cc5991b0 at /build/buildd/openjdk-7-7u21-2.3.9/build/openjdk/hotspot/src/share/vm/prims/jvm.cpp:1166
Event: 17.952 Thread 0x00007f2b283b8000 Threw 0x00000000cc643d28 at /build/buildd/openjdk-7-7u21-2.3.9/build/openjdk/hotspot/src/share/vm/prims/jvm.cpp:1166
Event: 29.710 Thread 0x00007f2b283b8000 Threw 0x00000000cc16c990 at /build/buildd/openjdk-7-7u21-2.3.9/build/openjdk/hotspot/src/share/vm/prims/jvm.cpp:1166
Event: 195.485 Thread 0x00007f2b283b8000 Implicit null exception at 0x00007f2b2404b48b to 0x00007f2b2404b999
Event: 195.485 Thread 0x00007f2b283b8000 Implicit null exception at 0x00007f2b24060537 to 0x00007f2b24060c39
Event: 195.485 Thread 0x00007f2b283b8000 Implicit null exception at 0x00007f2b2405a4f9 to 0x00007f2b2405ba51

Events (10 events):
Event: 195.606 Thread 0x00007f2b283b8000 DEOPT PACKING pc=0x00007f2b240f6ae8 sp=0x00007f2af2537670
Event: 195.606 Thread 0x00007f2b283b8000 DEOPT UNPACKING pc=0x00007f2b23fae145 sp=0x00007f2af2537628 mode 2
Event: 195.606 Thread 0x00007f2b283b8000 DEOPT PACKING pc=0x00007f2b2409c684 sp=0x00007f2af25375b0
Event: 195.606 Thread 0x00007f2b283b8000 DEOPT UNPACKING pc=0x00007f2b23fae145 sp=0x00007f2af2537568 mode 2
Event: 195.606 Thread 0x00007f2b283b8000 DEOPT PACKING pc=0x00007f2b2409c684 sp=0x00007f2af25375b0
Event: 195.606 Thread 0x00007f2b283b8000 DEOPT UNPACKING pc=0x00007f2b23fae145 sp=0x00007f2af2537568 mode 2
Event: 195.606 Thread 0x00007f2b283b8000 DEOPT PACKING pc=0x00007f2b2409c684 sp=0x00007f2af25375b0
Event: 195.606 Thread 0x00007f2b283b8000 DEOPT UNPACKING pc=0x00007f2b23fae145 sp=0x00007f2af2537568 mode 2
Event: 195.606 Thread 0x00007f2b283b8000 DEOPT PACKING pc=0x00007f2b2409c684 sp=0x00007f2af25375b0
Event: 195.606 Thread 0x00007f2b283b8000 DEOPT UNPACKING pc=0x00007f2b23fae145 sp=0x00007f2af2537568 mode 2


Dynamic libraries:
00400000-00401000 r-xp 00000000 08:04 1449914                            /usr/lib/jvm/java-7-openjdk-amd64/jre/bin/java
00600000-00601000 r--p 00000000 08:04 1449914                            /usr/lib/jvm/java-7-openjdk-amd64/jre/bin/java
00601000-00602000 rw-p 00001000 08:04 1449914                            /usr/lib/jvm/java-7-openjdk-amd64/jre/bin/java
01919000-025ea000 rw-p 00000000 00:00 0                                  [heap]
cc000000-cc910000 rw-p 00000000 00:00 0 
cc910000-d9e00000 rw-p 00000000 00:00 0 
d9e00000-db040000 rw-p 00000000 00:00 0 
db040000-f5a00000 rw-p 00000000 00:00 0 
f5a00000-f6ec0000 rw-p 00000000 00:00 0 
f6ec0000-100000000 rw-p 00000000 00:00 0 
7f2ad0000000-7f2ad0021000 rw-p 00000000 00:00 0 
7f2ad0021000-7f2ad4000000 ---p 00000000 00:00 0 
7f2ad8000000-7f2ad8021000 rw-p 00000000 00:00 0 
7f2ad8021000-7f2adc000000 ---p 00000000 00:00 0 
7f2adc000000-7f2adc941000 rw-p 00000000 00:00 0 
7f2adc941000-7f2ae0000000 ---p 00000000 00:00 0 
7f2ae0000000-7f2ae0021000 rw-p 00000000 00:00 0 
7f2ae0021000-7f2ae4000000 ---p 00000000 00:00 0 
7f2ae5173000-7f2ae5b73000 rwxp 00000000 00:00 0 
7f2ae5b73000-7f2ae5b76000 ---p 00000000 00:00 0 
7f2ae5b76000-7f2ae5c74000 rw-p 00000000 00:00 0                          [stack:5714]
7f2ae5e94000-7f2ae6094000 rw-s 1132b1000 00:05 10427                     /dev/dri/card0
7f2ae6094000-7f2ae6294000 rw-s 1130b1000 00:05 10427                     /dev/dri/card0
7f2ae6294000-7f2ae6494000 rw-s 112eb1000 00:05 10427                     /dev/dri/card0
7f2ae6494000-7f2ae6694000 rw-s 1128e1000 00:05 10427                     /dev/dri/card0
7f2ae6694000-7f2ae68d7000 rw-p 00000000 00:00 0 
7f2ae68d7000-7f2ae7cf1000 r-xp 00000000 08:04 1330607                    /usr/lib/x86_64-linux-gnu/libLLVM-3.2.so.1
7f2ae7cf1000-7f2ae7ef0000 ---p 0141a000 08:04 1330607                    /usr/lib/x86_64-linux-gnu/libLLVM-3.2.so.1
7f2ae7ef0000-7f2ae7feb000 r--p 01419000 08:04 1330607                    /usr/lib/x86_64-linux-gnu/libLLVM-3.2.so.1
7f2ae7feb000-7f2ae7ff1000 rw-p 01514000 08:04 1330607                    /usr/lib/x86_64-linux-gnu/libLLVM-3.2.so.1
7f2ae7ff1000-7f2ae7fff000 rw-p 00000000 00:00 0 
7f2ae7fff000-7f2aec000000 rw-s 00000000 00:14 402104                     /run/shm/pulse-shm-2755192044
7f2aec000000-7f2aec021000 rw-p 00000000 00:00 0 
7f2aec021000-7f2af0000000 ---p 00000000 00:00 0 
7f2af0097000-7f2af0117000 rw-s 10c972000 00:05 10427                     /dev/dri/card0
7f2af0117000-7f2af0197000 rw-s 10c8f2000 00:05 10427                     /dev/dri/card0
7f2af0197000-7f2af0217000 rw-s 10c872000 00:05 10427                     /dev/dri/card0
7f2af0217000-7f2af045a000 rw-p 00000000 00:00 0 
7f2af045a000-7f2af048c000 r-xp 00000000 08:04 1316826                    /usr/lib/x86_64-linux-gnu/libtxc_dxtn_s2tc.so.0.0.0
7f2af048c000-7f2af068b000 ---p 00032000 08:04 1316826                    /usr/lib/x86_64-linux-gnu/libtxc_dxtn_s2tc.so.0.0.0
7f2af068b000-7f2af068c000 r--p 00031000 08:04 1316826                    /usr/lib/x86_64-linux-gnu/libtxc_dxtn_s2tc.so.0.0.0
7f2af068c000-7f2af068d000 rw-p 00032000 08:04 1316826                    /usr/lib/x86_64-linux-gnu/libtxc_dxtn_s2tc.so.0.0.0
7f2af068d000-7f2af0692000 r-xp 00000000 08:04 1316295                    /usr/lib/x86_64-linux-gnu/libdrm_nouveau.so.2.0.0
7f2af0692000-7f2af0891000 ---p 00005000 08:04 1316295                    /usr/lib/x86_64-linux-gnu/libdrm_nouveau.so.2.0.0
7f2af0891000-7f2af0892000 r--p 00004000 08:04 1316295                    /usr/lib/x86_64-linux-gnu/libdrm_nouveau.so.2.0.0
7f2af0892000-7f2af0893000 rw-p 00005000 08:04 1316295                    /usr/lib/x86_64-linux-gnu/libdrm_nouveau.so.2.0.0
7f2af0893000-7f2af0a97000 r-xp 00000000 08:04 1311849                    /usr/lib/x86_64-linux-gnu/libgallium.so.0.0.0
7f2af0a97000-7f2af0c97000 ---p 00204000 08:04 1311849                    /usr/lib/x86_64-linux-gnu/libgallium.so.0.0.0
7f2af0c97000-7f2af0ca6000 r--p 00204000 08:04 1311849                    /usr/lib/x86_64-linux-gnu/libgallium.so.0.0.0
7f2af0ca6000-7f2af0caa000 rw-p 00213000 08:04 1311849                    /usr/lib/x86_64-linux-gnu/libgallium.so.0.0.0
7f2af0caa000-7f2af0e72000 rw-p 00000000 00:00 0 
7f2af0e72000-7f2af120f000 r-xp 00000000 08:04 1330626                    /usr/lib/x86_64-linux-gnu/libdricore9.1.1.so.1.0.0
7f2af120f000-7f2af140e000 ---p 0039d000 08:04 1330626                    /usr/lib/x86_64-linux-gnu/libdricore9.1.1.so.1.0.0
7f2af140e000-7f2af141f000 r--p 0039c000 08:04 1330626                    /usr/lib/x86_64-linux-gnu/libdricore9.1.1.so.1.0.0
7f2af141f000-7f2af1429000 rw-p 003ad000 08:04 1330626                    /usr/lib/x86_64-linux-gnu/libdricore9.1.1.so.1.0.0
7f2af1429000-7f2af1440000 rw-p 00000000 00:00 0 
7f2af1440000-7f2af1582000 r-xp 00000000 08:04 1709923                    /usr/lib/x86_64-linux-gnu/dri/nouveau_dri.so
7f2af1582000-7f2af1782000 ---p 00142000 08:04 1709923                    /usr/lib/x86_64-linux-gnu/dri/nouveau_dri.so
7f2af1782000-7f2af1785000 r--p 00142000 08:04 1709923                    /usr/lib/x86_64-linux-gnu/dri/nouveau_dri.so
7f2af1785000-7f2af1788000 rw-p 00145000 08:04 1709923                    /usr/lib/x86_64-linux-gnu/dri/nouveau_dri.so
7f2af1788000-7f2af178a000 rw-p 00000000 00:00 0 
7f2af178a000-7f2af1794000 r-xp 00000000 08:04 1330611                    /usr/lib/x86_64-linux-gnu/libdrm.so.2.4.0
7f2af1794000-7f2af1993000 ---p 0000a000 08:04 1330611                    /usr/lib/x86_64-linux-gnu/libdrm.so.2.4.0
7f2af1993000-7f2af1994000 r--p 00009000 08:04 1330611                    /usr/lib/x86_64-linux-gnu/libdrm.so.2.4.0
7f2af1994000-7f2af1995000 rw-p 0000a000 08:04 1330611                    /usr/lib/x86_64-linux-gnu/libdrm.so.2.4.0
7f2af1995000-7f2af1998000 r-xp 00000000 08:04 1312269                    /usr/lib/x86_64-linux-gnu/libxcb-dri2.so.0.0.0
7f2af1998000-7f2af1b98000 ---p 00003000 08:04 1312269                    /usr/lib/x86_64-linux-gnu/libxcb-dri2.so.0.0.0
7f2af1b98000-7f2af1b99000 r--p 00003000 08:04 1312269                    /usr/lib/x86_64-linux-gnu/libxcb-dri2.so.0.0.0
7f2af1b99000-7f2af1b9a000 rw-p 00004000 08:04 1312269                    /usr/lib/x86_64-linux-gnu/libxcb-dri2.so.0.0.0
7f2af1b9a000-7f2af1baf000 r-xp 00000000 08:04 1324207                    /usr/lib/x86_64-linux-gnu/libxcb-glx.so.0.0.0
7f2af1baf000-7f2af1dae000 ---p 00015000 08:04 1324207                    /usr/lib/x86_64-linux-gnu/libxcb-glx.so.0.0.0
7f2af1dae000-7f2af1db0000 r--p 00014000 08:04 1324207                    /usr/lib/x86_64-linux-gnu/libxcb-glx.so.0.0.0
7f2af1db0000-7f2af1db1000 rw-p 00016000 08:04 1324207                    /usr/lib/x86_64-linux-gnu/libxcb-glx.so.0.0.0
7f2af1db1000-7f2af1db2000 r-xp 00000000 08:04 1320217                    /usr/lib/x86_64-linux-gnu/libX11-xcb.so.1.0.0
7f2af1db2000-7f2af1fb1000 ---p 00001000 08:04 1320217                    /usr/lib/x86_64-linux-gnu/libX11-xcb.so.1.0.0
7f2af1fb1000-7f2af1fb2000 r--p 00000000 08:04 1320217                    /usr/lib/x86_64-linux-gnu/libX11-xcb.so.1.0.0
7f2af1fb2000-7f2af1fb3000 rw-p 00001000 08:04 1320217                    /usr/lib/x86_64-linux-gnu/libX11-xcb.so.1.0.0
7f2af1fb3000-7f2af1fd4000 r-xp 00000000 08:04 1316319                    /usr/lib/x86_64-linux-gnu/libglapi.so.0.0.0
7f2af1fd4000-7f2af21d4000 ---p 00021000 08:04 1316319                    /usr/lib/x86_64-linux-gnu/libglapi.so.0.0.0
7f2af21d4000-7f2af21d7000 r--p 00021000 08:04 1316319                    /usr/lib/x86_64-linux-gnu/libglapi.so.0.0.0
7f2af21d7000-7f2af21d8000 rw-p 00024000 08:04 1316319                    /usr/lib/x86_64-linux-gnu/libglapi.so.0.0.0
7f2af21d8000-7f2af21d9000 rw-p 00000000 00:00 0 
7f2af21d9000-7f2af2234000 r-xp 00000000 08:04 1709928                    /usr/lib/x86_64-linux-gnu/mesa/libGL.so.1.2.0
7f2af2234000-7f2af2434000 ---p 0005b000 08:04 1709928                    /usr/lib/x86_64-linux-gnu/mesa/libGL.so.1.2.0
7f2af2434000-7f2af2436000 r--p 0005b000 08:04 1709928                    /usr/lib/x86_64-linux-gnu/mesa/libGL.so.1.2.0
7f2af2436000-7f2af2437000 rw-p 0005d000 08:04 1709928                    /usr/lib/x86_64-linux-gnu/mesa/libGL.so.1.2.0
7f2af2437000-7f2af2438000 rw-p 00000000 00:00 0 
7f2af2438000-7f2af243b000 ---p 00000000 00:00 0 
7f2af243b000-7f2af2539000 rw-p 00000000 00:00 0                          [stack:5710]
7f2af2539000-7f2af253a000 ---p 00000000 00:00 0 
7f2af253a000-7f2af263a000 rw-p 00000000 00:00 0                          [stack:5709]
7f2af263a000-7f2af263b000 ---p 00000000 00:00 0 
7f2af263b000-7f2af2e3b000 rw-p 00000000 00:00 0                          [stack:5708]
7f2af2e3b000-7f2af2e41000 r-xp 00000000 08:04 1316653                    /usr/lib/x86_64-linux-gnu/libogg.so.0.8.0
7f2af2e41000-7f2af3040000 ---p 00006000 08:04 1316653                    /usr/lib/x86_64-linux-gnu/libogg.so.0.8.0
7f2af3040000-7f2af3041000 r--p 00005000 08:04 1316653                    /usr/lib/x86_64-linux-gnu/libogg.so.0.8.0
7f2af3041000-7f2af3042000 rw-p 00006000 08:04 1316653                    /usr/lib/x86_64-linux-gnu/libogg.so.0.8.0
7f2af3042000-7f2af306d000 r-xp 00000000 08:04 1316859                    /usr/lib/x86_64-linux-gnu/libvorbis.so.0.4.5
7f2af306d000-7f2af326d000 ---p 0002b000 08:04 1316859                    /usr/lib/x86_64-linux-gnu/libvorbis.so.0.4.5
7f2af326d000-7f2af326e000 r--p 0002b000 08:04 1316859                    /usr/lib/x86_64-linux-gnu/libvorbis.so.0.4.5
7f2af326e000-7f2af326f000 rw-p 0002c000 08:04 1316859                    /usr/lib/x86_64-linux-gnu/libvorbis.so.0.4.5
7f2af326f000-7f2af3522000 r-xp 00000000 08:04 1316861                    /usr/lib/x86_64-linux-gnu/libvorbisenc.so.2.0.8
7f2af3522000-7f2af3721000 ---p 002b3000 08:04 1316861                    /usr/lib/x86_64-linux-gnu/libvorbisenc.so.2.0.8
7f2af3721000-7f2af373d000 r--p 002b2000 08:04 1316861                    /usr/lib/x86_64-linux-gnu/libvorbisenc.so.2.0.8
7f2af373d000-7f2af373e000 rw-p 002ce000 08:04 1316861                    /usr/lib/x86_64-linux-gnu/libvorbisenc.so.2.0.8
7f2af373e000-7f2af3788000 r-xp 00000000 08:04 1316058                    /usr/lib/x86_64-linux-gnu/libFLAC.so.8.2.0
7f2af3788000-7f2af3988000 ---p 0004a000 08:04 1316058                    /usr/lib/x86_64-linux-gnu/libFLAC.so.8.2.0
7f2af3988000-7f2af3989000 r--p 0004a000 08:04 1316058                    /usr/lib/x86_64-linux-gnu/libFLAC.so.8.2.0
7f2af3989000-7f2af398a000 rw-p 0004b000 08:04 1316058                    /usr/lib/x86_64-linux-gnu/libFLAC.so.8.2.0
7f2af398a000-7f2af398f000 r-xp 00000000 08:04 1316206                    /usr/lib/x86_64-linux-gnu/libasyncns.so.0.3.1
7f2af398f000-7f2af3b8e000 ---p 00005000 08:04 1316206                    /usr/lib/x86_64-linux-gnu/libasyncns.so.0.3.1
7f2af3b8e000-7f2af3b8f000 r--p 00004000 08:04 1316206                    /usr/lib/x86_64-linux-gnu/libasyncns.so.0.3.1
7f2af3b8f000-7f2af3b90000 rw-p 00005000 08:04 1316206                    /usr/lib/x86_64-linux-gnu/libasyncns.so.0.3.1
7f2af3b90000-7f2af3bef000 r-xp 00000000 08:04 1316770                    /usr/lib/x86_64-linux-gnu/libsndfile.so.1.0.25
7f2af3bef000-7f2af3def000 ---p 0005f000 08:04 1316770                    /usr/lib/x86_64-linux-gnu/libsndfile.so.1.0.25
7f2af3def000-7f2af3df1000 r--p 0005f000 08:04 1316770                    /usr/lib/x86_64-linux-gnu/libsndfile.so.1.0.25
7f2af3df1000-7f2af3df2000 rw-p 00061000 08:04 1316770                    /usr/lib/x86_64-linux-gnu/libsndfile.so.1.0.25
7f2af3df2000-7f2af3df6000 rw-p 00000000 00:00 0 
7f2af3df6000-7f2af3dfe000 r-xp 00000000 08:04 131294                     /lib/x86_64-linux-gnu/libwrap.so.0.7.6
7f2af3dfe000-7f2af3ffe000 ---p 00008000 08:04 131294                     /lib/x86_64-linux-gnu/libwrap.so.0.7.6
7f2af3ffe000-7f2af3fff000 r--p 00008000 08:04 131294                     /lib/x86_64-linux-gnu/libwrap.so.0.7.6
7f2af3fff000-7f2af4000000 rw-p 00009000 08:04 131294                     /lib/x86_64-linux-gnu/libwrap.so.0.7.6
7f2af4000000-7f2af4021000 rw-p 00000000 00:00 0 
7f2af4021000-7f2af8000000 ---p 00000000 00:00 0 
7f2af800b000-7f2af807f000 rw-p 00000000 00:00 0 
7f2af807f000-7f2af80e1000 r-xp 00000000 08:04 1708947                    /usr/lib/x86_64-linux-gnu/pulseaudio/libpulsecommon-3.0.so
7f2af80e1000-7f2af82e0000 ---p 00062000 08:04 1708947                    /usr/lib/x86_64-linux-gnu/pulseaudio/libpulsecommon-3.0.so
7f2af82e0000-7f2af82e1000 r--p 00061000 08:04 1708947                    /usr/lib/x86_64-linux-gnu/pulseaudio/libpulsecommon-3.0.so
7f2af82e1000-7f2af82e2000 rw-p 00062000 08:04 1708947                    /usr/lib/x86_64-linux-gnu/pulseaudio/libpulsecommon-3.0.so
7f2af82e2000-7f2af82ea000 r-xp 00000000 08:04 131083                     /lib/x86_64-linux-gnu/libjson.so.0.1.0
7f2af82ea000-7f2af84e9000 ---p 00008000 08:04 131083                     /lib/x86_64-linux-gnu/libjson.so.0.1.0
7f2af84e9000-7f2af84ea000 r--p 00007000 08:04 131083                     /lib/x86_64-linux-gnu/libjson.so.0.1.0
7f2af84ea000-7f2af84eb000 rw-p 00008000 08:04 131083                     /lib/x86_64-linux-gnu/libjson.so.0.1.0
7f2af84eb000-7f2af8532000 r-xp 00000000 08:04 1310988                    /usr/lib/x86_64-linux-gnu/libpulse.so.0.15.3
7f2af8532000-7f2af8731000 ---p 00047000 08:04 1310988                    /usr/lib/x86_64-linux-gnu/libpulse.so.0.15.3
7f2af8731000-7f2af8732000 r--p 00046000 08:04 1310988                    /usr/lib/x86_64-linux-gnu/libpulse.so.0.15.3
7f2af8732000-7f2af8733000 rw-p 00047000 08:04 1310988                    /usr/lib/x86_64-linux-gnu/libpulse.so.0.15.3
7f2af8733000-7f2af8784000 r-xp 00000000 08:04 921234                     /tmp/libgdxlactor/2789134151/libopenal64.so
7f2af8784000-7f2af8984000 ---p 00051000 08:04 921234                     /tmp/libgdxlactor/2789134151/libopenal64.so
7f2af8984000-7f2af8986000 r--p 00051000 08:04 921234                     /tmp/libgdxlactor/2789134151/libopenal64.so
7f2af8986000-7f2af8987000 rw-p 00053000 08:04 921234                     /tmp/libgdxlactor/2789134151/libopenal64.so
7f2af8987000-7f2af8988000 rw-p 00000000 00:00 0 
7f2af8988000-7f2af898c000 r-xp 00000000 08:04 1316180                    /usr/lib/x86_64-linux-gnu/libXxf86vm.so.1.0.0
7f2af898c000-7f2af8b8c000 ---p 00004000 08:04 1316180                    /usr/lib/x86_64-linux-gnu/libXxf86vm.so.1.0.0
7f2af8b8c000-7f2af8b8d000 r--p 00004000 08:04 1316180                    /usr/lib/x86_64-linux-gnu/libXxf86vm.so.1.0.0
7f2af8b8d000-7f2af8b8e000 rw-p 00005000 08:04 1316180                    /usr/lib/x86_64-linux-gnu/libXxf86vm.so.1.0.0
7f2af8b8e000-7f2af8bf8000 r-xp 00000000 08:04 921233                     /tmp/libgdxlactor/2789134151/liblwjgl64.so
7f2af8bf8000-7f2af8df8000 ---p 0006a000 08:04 921233                     /tmp/libgdxlactor/2789134151/liblwjgl64.so
7f2af8df8000-7f2af8dfa000 r--p 0006a000 08:04 921233                     /tmp/libgdxlactor/2789134151/liblwjgl64.so
7f2af8dfa000-7f2af8dfb000 rw-p 0006c000 08:04 921233                     /tmp/libgdxlactor/2789134151/liblwjgl64.so
7f2af8dfb000-7f2af8dfc000 r-xp 00000000 08:04 1449912                    /usr/lib/jvm/java-7-openjdk-amd64/jre/lib/amd64/libjawt.so
7f2af8dfc000-7f2af8ffb000 ---p 00001000 08:04 1449912                    /usr/lib/jvm/java-7-openjdk-amd64/jre/lib/amd64/libjawt.so
7f2af8ffb000-7f2af8ffc000 r--p 00000000 08:04 1449912                    /usr/lib/jvm/java-7-openjdk-amd64/jre/lib/amd64/libjawt.so
7f2af8ffc000-7f2af8ffd000 rw-p 00001000 08:04 1449912                    /usr/lib/jvm/java-7-openjdk-amd64/jre/lib/amd64/libjawt.so
7f2af8ffd000-7f2af9000000 ---p 00000000 00:00 0 
7f2af9000000-7f2af90fe000 rw-p 00000000 00:00 0                          [stack:5706]
7f2af90fe000-7f2afa26d000 r-xp 00000000 08:04 1312248                    /usr/lib/x86_64-linux-gnu/libicudata.so.48.1.1
7f2afa26d000-7f2afa46c000 ---p 0116f000 08:04 1312248                    /usr/lib/x86_64-linux-gnu/libicudata.so.48.1.1
7f2afa46c000-7f2afa46d000 r--p 0116e000 08:04 1312248                    /usr/lib/x86_64-linux-gnu/libicudata.so.48.1.1
7f2afa46d000-7f2afa46e000 rw-p 0116f000 08:04 1312248                    /usr/lib/x86_64-linux-gnu/libicudata.so.48.1.1
7f2afa46e000-7f2afa471000 r-xp 00000000 08:04 134670                     /lib/x86_64-linux-gnu/libgpg-error.so.0.8.0
7f2afa471000-7f2afa670000 ---p 00003000 08:04 134670                     /lib/x86_64-linux-gnu/libgpg-error.so.0.8.0
7f2afa670000-7f2afa671000 r--p 00002000 08:04 134670                     /lib/x86_64-linux-gnu/libgpg-error.so.0.8.0
7f2afa671000-7f2afa672000 rw-p 00003000 08:04 134670                     /lib/x86_64-linux-gnu/libgpg-error.so.0.8.0
7f2afa672000-7f2afa674000 r-xp 00000000 08:04 131275                     /lib/x86_64-linux-gnu/libkeyutils.so.1.4
7f2afa674000-7f2afa874000 ---p 00002000 08:04 131275                     /lib/x86_64-linux-gnu/libkeyutils.so.1.4
7f2afa874000-7f2afa875000 r--p 00002000 08:04 131275                     /lib/x86_64-linux-gnu/libkeyutils.so.1.4
7f2afa875000-7f2afa876000 rw-p 00003000 08:04 131275                     /lib/x86_64-linux-gnu/libkeyutils.so.1.4
7f2afa876000-7f2afa9cc000 r-xp 00000000 08:04 1312338                    /usr/lib/x86_64-linux-gnu/libicuuc.so.48.1.1
7f2afa9cc000-7f2afabcb000 ---p 00156000 08:04 1312338                    /usr/lib/x86_64-linux-gnu/libicuuc.so.48.1.1
7f2afabcb000-7f2afabdc000 r--p 00155000 08:04 1312338                    /usr/lib/x86_64-linux-gnu/libicuuc.so.48.1.1
7f2afabdc000-7f2afabdd000 rw-p 00166000 08:04 1312338                    /usr/lib/x86_64-linux-gnu/libicuuc.so.48.1.1
7f2afabdd000-7f2afabe1000 rw-p 00000000 00:00 0 
7f2afabe1000-7f2afac13000 r-xp 00000000 08:04 1311378                    /usr/lib/x86_64-linux-gnu/libicule.so.48.1.1
7f2afac13000-7f2afae13000 ---p 00032000 08:04 1311378                    /usr/lib/x86_64-linux-gnu/libicule.so.48.1.1
7f2afae13000-7f2afae15000 r--p 00032000 08:04 1311378                    /usr/lib/x86_64-linux-gnu/libicule.so.48.1.1
7f2afae15000-7f2afae16000 rw-p 00034000 08:04 1311378                    /usr/lib/x86_64-linux-gnu/libicule.so.48.1.1
7f2afae16000-7f2afae59000 r-xp 00000000 08:04 131267                     /lib/x86_64-linux-gnu/libdbus-1.so.3.7.2
7f2afae59000-7f2afb058000 ---p 00043000 08:04 131267                     /lib/x86_64-linux-gnu/libdbus-1.so.3.7.2
7f2afb058000-7f2afb059000 r--p 00042000 08:04 131267                     /lib/x86_64-linux-gnu/libdbus-1.so.3.7.2
7f2afb059000-7f2afb05a000 rw-p 00043000 08:04 131267                     /lib/x86_64-linux-gnu/libdbus-1.so.3.7.2
7f2afb05a000-7f2afb06c000 r-xp 00000000 08:04 1321069                    /usr/lib/x86_64-linux-gnu/libp11-kit.so.0.0.0
7f2afb06c000-7f2afb26c000 ---p 00012000 08:04 1321069                    /usr/lib/x86_64-linux-gnu/libp11-kit.so.0.0.0
7f2afb26c000-7f2afb26d000 r--p 00012000 08:04 1321069                    /usr/lib/x86_64-linux-gnu/libp11-kit.so.0.0.0
7f2afb26d000-7f2afb26e000 rw-p 00013000 08:04 1321069                    /usr/lib/x86_64-linux-gnu/libp11-kit.so.0.0.0
7f2afb26e000-7f2afb27d000 r-xp 00000000 08:04 1311467                    /usr/lib/x86_64-linux-gnu/libtasn1.so.3.2.0
7f2afb27d000-7f2afb47d000 ---p 0000f000 08:04 1311467                    /usr/lib/x86_64-linux-gnu/libtasn1.so.3.2.0
7f2afb47d000-7f2afb47e000 r--p 0000f000 08:04 1311467                    /usr/lib/x86_64-linux-gnu/libtasn1.so.3.2.0
7f2afb47e000-7f2afb47f000 rw-p 00010000 08:04 1311467                    /usr/lib/x86_64-linux-gnu/libtasn1.so.3.2.0
7f2afb47f000-7f2afb4f9000 r-xp 00000000 08:04 131265                     /lib/x86_64-linux-gnu/libgcrypt.so.11.7.0
7f2afb4f9000-7f2afb6f9000 ---p 0007a000 08:04 131265                     /lib/x86_64-linux-gnu/libgcrypt.so.11.7.0
7f2afb6f9000-7f2afb6fa000 r--p 0007a000 08:04 131265                     /lib/x86_64-linux-gnu/libgcrypt.so.11.7.0
7f2afb6fa000-7f2afb6fd000 rw-p 0007b000 08:04 131265                     /lib/x86_64-linux-gnu/libgcrypt.so.11.7.0
7f2afb6fd000-7f2afb704000 r-xp 00000000 08:04 1321088                    /usr/lib/x86_64-linux-gnu/libkrb5support.so.0.1
7f2afb704000-7f2afb903000 ---p 00007000 08:04 1321088                    /usr/lib/x86_64-linux-gnu/libkrb5support.so.0.1
7f2afb903000-7f2afb904000 r--p 00006000 08:04 1321088                    /usr/lib/x86_64-linux-gnu/libkrb5support.so.0.1
7f2afb904000-7f2afb905000 rw-p 00007000 08:04 1321088                    /usr/lib/x86_64-linux-gnu/libkrb5support.so.0.1
7f2afb905000-7f2afb908000 r-xp 00000000 08:04 131271                     /lib/x86_64-linux-gnu/libcom_err.so.2.1
7f2afb908000-7f2afbb07000 ---p 00003000 08:04 131271                     /lib/x86_64-linux-gnu/libcom_err.so.2.1
7f2afbb07000-7f2afbb08000 r--p 00002000 08:04 131271                     /lib/x86_64-linux-gnu/libcom_err.so.2.1
7f2afbb08000-7f2afbb09000 rw-p 00003000 08:04 131271                     /lib/x86_64-linux-gnu/libcom_err.so.2.1
7f2afbb09000-7f2afbb2f000 r-xp 00000000 08:04 1321081                    /usr/lib/x86_64-linux-gnu/libk5crypto.so.3.1
7f2afbb2f000-7f2afbd2f000 ---p 00026000 08:04 1321081                    /usr/lib/x86_64-linux-gnu/libk5crypto.so.3.1
7f2afbd2f000-7f2afbd30000 r--p 00026000 08:04 1321081                    /usr/lib/x86_64-linux-gnu/libk5crypto.so.3.1
7f2afbd30000-7f2afbd31000 rw-p 00027000 08:04 1321081                    /usr/lib/x86_64-linux-gnu/libk5crypto.so.3.1
7f2afbd31000-7f2afbd32000 rw-p 00000000 00:00 0 
7f2afbd32000-7f2afbdf6000 r-xp 00000000 08:04 1316455                    /usr/lib/x86_64-linux-gnu/libkrb5.so.3.3
7f2afbdf6000-7f2afbff5000 ---p 000c4000 08:04 1316455                    /usr/lib/x86_64-linux-gnu/libkrb5.so.3.3
7f2afbff5000-7f2afbfff000 r--p 000c3000 08:04 1316455                    /usr/lib/x86_64-linux-gnu/libkrb5.so.3.3
7f2afbfff000-7f2afc000000 rw-p 000cd000 08:04 1316455                    /usr/lib/x86_64-linux-gnu/libkrb5.so.3.3
7f2afc000000-7f2afc021000 rw-p 00000000 00:00 0 
7f2afc021000-7f2b00000000 ---p 00000000 00:00 0 
7f2b00003000-7f2b00083000 rw-s 10c7f2000 00:05 10427                     /dev/dri/card0
7f2b00083000-7f2b00086000 ---p 00000000 00:00 0 
7f2b00086000-7f2b000ab000 rw-p 00000000 00:00 0 
7f2b000ab000-7f2b00140000 r-xp 00000000 08:04 1309254                    /usr/lib/x86_64-linux-gnu/libharfbuzz.so.0.913.0
7f2b00140000-7f2b0033f000 ---p 00095000 08:04 1309254                    /usr/lib/x86_64-linux-gnu/libharfbuzz.so.0.913.0
7f2b0033f000-7f2b00341000 r--p 00094000 08:04 1309254                    /usr/lib/x86_64-linux-gnu/libharfbuzz.so.0.913.0
7f2b00341000-7f2b00342000 rw-p 00096000 08:04 1309254                    /usr/lib/x86_64-linux-gnu/libharfbuzz.so.0.913.0
7f2b00342000-7f2b0034a000 r-xp 00000000 08:04 1320963                    /usr/lib/x86_64-linux-gnu/libxcb-render.so.0.0.0
7f2b0034a000-7f2b0054a000 ---p 00008000 08:04 1320963                    /usr/lib/x86_64-linux-gnu/libxcb-render.so.0.0.0
7f2b0054a000-7f2b0054b000 r--p 00008000 08:04 1320963                    /usr/lib/x86_64-linux-gnu/libxcb-render.so.0.0.0
7f2b0054b000-7f2b0054c000 rw-p 00009000 08:04 1320963                    /usr/lib/x86_64-linux-gnu/libxcb-render.so.0.0.0
7f2b0054c000-7f2b0054e000 r-xp 00000000 08:04 1316881                    /usr/lib/x86_64-linux-gnu/libxcb-shm.so.0.0.0
7f2b0054e000-7f2b0074d000 ---p 00002000 08:04 1316881                    /usr/lib/x86_64-linux-gnu/libxcb-shm.so.0.0.0
7f2b0074d000-7f2b0074e000 r--p 00001000 08:04 1316881                    /usr/lib/x86_64-linux-gnu/libxcb-shm.so.0.0.0
7f2b0074e000-7f2b0074f000 rw-p 00002000 08:04 1316881                    /usr/lib/x86_64-linux-gnu/libxcb-shm.so.0.0.0
7f2b0074f000-7f2b00774000 r-xp 00000000 08:04 131231                     /lib/x86_64-linux-gnu/libpng12.so.0.49.0
7f2b00774000-7f2b00973000 ---p 00025000 08:04 131231                     /lib/x86_64-linux-gnu/libpng12.so.0.49.0
7f2b00973000-7f2b00974000 r--p 00024000 08:04 131231                     /lib/x86_64-linux-gnu/libpng12.so.0.49.0
7f2b00974000-7f2b00975000 rw-p 00025000 08:04 131231                     /lib/x86_64-linux-gnu/libpng12.so.0.49.0
7f2b00975000-7f2b00a05000 r-xp 00000000 08:04 1328066                    /usr/lib/x86_64-linux-gnu/libpixman-1.so.0.28.2
7f2b00a05000-7f2b00c04000 ---p 00090000 08:04 1328066                    /usr/lib/x86_64-linux-gnu/libpixman-1.so.0.28.2
7f2b00c04000-7f2b00c0b000 r--p 0008f000 08:04 1328066                    /usr/lib/x86_64-linux-gnu/libpixman-1.so.0.28.2
7f2b00c0b000-7f2b00c0c000 rw-p 00096000 08:04 1328066                    /usr/lib/x86_64-linux-gnu/libpixman-1.so.0.28.2
7f2b00c0c000-7f2b00c11000 r-xp 00000000 08:04 1316148                    /usr/lib/x86_64-linux-gnu/libXdmcp.so.6.0.0
7f2b00c11000-7f2b00e10000 ---p 00005000 08:04 1316148                    /usr/lib/x86_64-linux-gnu/libXdmcp.so.6.0.0
7f2b00e10000-7f2b00e11000 r--p 00004000 08:04 1316148                    /usr/lib/x86_64-linux-gnu/libXdmcp.so.6.0.0
7f2b00e11000-7f2b00e12000 rw-p 00005000 08:04 1316148                    /usr/lib/x86_64-linux-gnu/libXdmcp.so.6.0.0
7f2b00e12000-7f2b00e14000 r-xp 00000000 08:04 1316137                    /usr/lib/x86_64-linux-gnu/libXau.so.6.0.0
7f2b00e14000-7f2b01014000 ---p 00002000 08:04 1316137                    /usr/lib/x86_64-linux-gnu/libXau.so.6.0.0
7f2b01014000-7f2b01015000 r--p 00002000 08:04 1316137                    /usr/lib/x86_64-linux-gnu/libXau.so.6.0.0
7f2b01015000-7f2b01016000 rw-p 00003000 08:04 1316137                    /usr/lib/x86_64-linux-gnu/libXau.so.6.0.0
7f2b01016000-7f2b01025000 r-xp 00000000 08:04 1311897                    /usr/lib/x86_64-linux-gnu/libavahi-client.so.3.2.9
7f2b01025000-7f2b01225000 ---p 0000f000 08:04 1311897                    /usr/lib/x86_64-linux-gnu/libavahi-client.so.3.2.9
7f2b01225000-7f2b01226000 r--p 0000f000 08:04 1311897                    /usr/lib/x86_64-linux-gnu/libavahi-client.so.3.2.9
7f2b01226000-7f2b01227000 rw-p 00010000 08:04 1311897                    /usr/lib/x86_64-linux-gnu/libavahi-client.so.3.2.9
7f2b01227000-7f2b01232000 r-xp 00000000 08:04 1311877                    /usr/lib/x86_64-linux-gnu/libavahi-common.so.3.5.3
7f2b01232000-7f2b01431000 ---p 0000b000 08:04 1311877                    /usr/lib/x86_64-linux-gnu/libavahi-common.so.3.5.3
7f2b01431000-7f2b01432000 r--p 0000a000 08:04 1311877                    /usr/lib/x86_64-linux-gnu/libavahi-common.so.3.5.3
7f2b01432000-7f2b01433000 rw-p 0000b000 08:04 1311877                    /usr/lib/x86_64-linux-gnu/libavahi-common.so.3.5.3
7f2b01433000-7f2b014e8000 r-xp 00000000 08:04 1311764                    /usr/lib/x86_64-linux-gnu/libgnutls.so.26.22.6
7f2b014e8000-7f2b016e7000 ---p 000b5000 08:04 1311764                    /usr/lib/x86_64-linux-gnu/libgnutls.so.26.22.6
7f2b016e7000-7f2b016ed000 r--p 000b4000 08:04 1311764                    /usr/lib/x86_64-linux-gnu/libgnutls.so.26.22.6
7f2b016ed000-7f2b016ee000 rw-p 000ba000 08:04 1311764                    /usr/lib/x86_64-linux-gnu/libgnutls.so.26.22.6
7f2b016ee000-7f2b016ef000 rw-p 00000000 00:00 0 
7f2b016ef000-7f2b0172a000 r-xp 00000000 08:04 1321084                    /usr/lib/x86_64-linux-gnu/libgssapi_krb5.so.2.2
7f2b0172a000-7f2b0192a000 ---p 0003b000 08:04 1321084                    /usr/lib/x86_64-linux-gnu/libgssapi_krb5.so.2.2
7f2b0192a000-7f2b0192b000 r--p 0003b000 08:04 1321084                    /usr/lib/x86_64-linux-gnu/libgssapi_krb5.so.2.2
7f2b0192b000-7f2b0192d000 rw-p 0003c000 08:04 1321084                    /usr/lib/x86_64-linux-gnu/libgssapi_krb5.so.2.2
7f2b0192d000-7f2b0196a000 r-xp 00000000 08:04 130925                     /lib/x86_64-linux-gnu/libpcre.so.3.13.1
7f2b0196a000-7f2b01b6a000 ---p 0003d000 08:04 130925                     /lib/x86_64-linux-gnu/libpcre.so.3.13.1
7f2b01b6a000-7f2b01b6b000 r--p 0003d000 08:04 130925                     /lib/x86_64-linux-gnu/libpcre.so.3.13.1
7f2b01b6b000-7f2b01b6c000 rw-p 0003e000 08:04 130925                     /lib/x86_64-linux-gnu/libpcre.so.3.13.1
7f2b01b6c000-7f2b01b73000 r-xp 00000000 08:04 1308207                    /usr/lib/x86_64-linux-gnu/libffi.so.6.0.1
7f2b01b73000-7f2b01d72000 ---p 00007000 08:04 1308207                    /usr/lib/x86_64-linux-gnu/libffi.so.6.0.1
7f2b01d72000-7f2b01d73000 r--p 00006000 08:04 1308207                    /usr/lib/x86_64-linux-gnu/libffi.so.6.0.1
7f2b01d73000-7f2b01d74000 rw-p 00007000 08:04 1308207                    /usr/lib/x86_64-linux-gnu/libffi.so.6.0.1
7f2b01d74000-7f2b01d9a000 r-xp 00000000 08:04 131219                     /lib/x86_64-linux-gnu/libexpat.so.1.6.0
7f2b01d9a000-7f2b01f9a000 ---p 00026000 08:04 131219                     /lib/x86_64-linux-gnu/libexpat.so.1.6.0
7f2b01f9a000-7f2b01f9c000 r--p 00026000 08:04 131219                     /lib/x86_64-linux-gnu/libexpat.so.1.6.0
7f2b01f9c000-7f2b01f9d000 rw-p 00028000 08:04 131219                     /lib/x86_64-linux-gnu/libexpat.so.1.6.0
7f2b01f9d000-7f2b02034000 r-xp 00000000 08:04 1309009                    /usr/lib/x86_64-linux-gnu/libfreetype.so.6.10.0
7f2b02034000-7f2b02233000 ---p 00097000 08:04 1309009                    /usr/lib/x86_64-linux-gnu/libfreetype.so.6.10.0
7f2b02233000-7f2b02239000 r--p 00096000 08:04 1309009                    /usr/lib/x86_64-linux-gnu/libfreetype.so.6.10.0
7f2b02239000-7f2b0223a000 rw-p 0009c000 08:04 1309009                    /usr/lib/x86_64-linux-gnu/libfreetype.so.6.10.0
7f2b0223a000-7f2b02250000 r-xp 00000000 08:04 131181                     /lib/x86_64-linux-gnu/libresolv-2.17.so
7f2b02250000-7f2b02450000 ---p 00016000 08:04 131181                     /lib/x86_64-linux-gnu/libresolv-2.17.so
7f2b02450000-7f2b02451000 r--p 00016000 08:04 131181                     /lib/x86_64-linux-gnu/libresolv-2.17.so
7f2b02451000-7f2b02452000 rw-p 00017000 08:04 131181                     /lib/x86_64-linux-gnu/libresolv-2.17.so
7f2b02452000-7f2b02454000 rw-p 00000000 00:00 0 
7f2b02454000-7f2b02471000 r-xp 00000000 08:04 134745                     /lib/x86_64-linux-gnu/libselinux.so.1
7f2b02471000-7f2b02670000 ---p 0001d000 08:04 134745                     /lib/x86_64-linux-gnu/libselinux.so.1
7f2b02670000-7f2b02671000 r--p 0001c000 08:04 134745                     /lib/x86_64-linux-gnu/libselinux.so.1
7f2b02671000-7f2b02672000 rw-p 0001d000 08:04 134745                     /lib/x86_64-linux-gnu/libselinux.so.1
7f2b02672000-7f2b02673000 rw-p 00000000 00:00 0 
7f2b02673000-7f2b02675000 r-xp 00000000 08:04 1316146                    /usr/lib/x86_64-linux-gnu/libXdamage.so.1.1.0
7f2b02675000-7f2b02874000 ---p 00002000 08:04 1316146                    /usr/lib/x86_64-linux-gnu/libXdamage.so.1.1.0
7f2b02874000-7f2b02875000 r--p 00001000 08:04 1316146                    /usr/lib/x86_64-linux-gnu/libXdamage.so.1.1.0
7f2b02875000-7f2b02876000 rw-p 00002000 08:04 1316146                    /usr/lib/x86_64-linux-gnu/libXdamage.so.1.1.0
7f2b02876000-7f2b02878000 r-xp 00000000 08:04 1316142                    /usr/lib/x86_64-linux-gnu/libXcomposite.so.1.0.0
7f2b02878000-7f2b02a77000 ---p 00002000 08:04 1316142                    /usr/lib/x86_64-linux-gnu/libXcomposite.so.1.0.0
7f2b02a77000-7f2b02a78000 r--p 00001000 08:04 1316142                    /usr/lib/x86_64-linux-gnu/libXcomposite.so.1.0.0
7f2b02a78000-7f2b02a79000 rw-p 00002000 08:04 1316142                    /usr/lib/x86_64-linux-gnu/libXcomposite.so.1.0.0
7f2b02a79000-7f2b02a82000 r-xp 00000000 08:04 1316144                    /usr/lib/x86_64-linux-gnu/libXcursor.so.1.0.2
7f2b02a82000-7f2b02c82000 ---p 00009000 08:04 1316144                    /usr/lib/x86_64-linux-gnu/libXcursor.so.1.0.2
7f2b02c82000-7f2b02c83000 r--p 00009000 08:04 1316144                    /usr/lib/x86_64-linux-gnu/libXcursor.so.1.0.2
7f2b02c83000-7f2b02c84000 rw-p 0000a000 08:04 1316144                    /usr/lib/x86_64-linux-gnu/libXcursor.so.1.0.2
7f2b02c84000-7f2b02c8d000 r-xp 00000000 08:04 1310847                    /usr/lib/x86_64-linux-gnu/libXrandr.so.2.2.0
7f2b02c8d000-7f2b02e8c000 ---p 00009000 08:04 1310847                    /usr/lib/x86_64-linux-gnu/libXrandr.so.2.2.0
7f2b02e8c000-7f2b02e8d000 r--p 00008000 08:04 1310847                    /usr/lib/x86_64-linux-gnu/libXrandr.so.2.2.0
7f2b02e8d000-7f2b02e8e000 rw-p 00009000 08:04 1310847                    /usr/lib/x86_64-linux-gnu/libXrandr.so.2.2.0
7f2b02e8e000-7f2b02e90000 r-xp 00000000 08:04 1316158                    /usr/lib/x86_64-linux-gnu/libXinerama.so.1.0.0
7f2b02e90000-7f2b0308f000 ---p 00002000 08:04 1316158                    /usr/lib/x86_64-linux-gnu/libXinerama.so.1.0.0
7f2b0308f000-7f2b03090000 r--p 00001000 08:04 1316158                    /usr/lib/x86_64-linux-gnu/libXinerama.so.1.0.0
7f2b03090000-7f2b03091000 rw-p 00002000 08:04 1316158                    /usr/lib/x86_64-linux-gnu/libXinerama.so.1.0.0
7f2b03091000-7f2b030a4000 r-xp 00000000 08:04 1311673                    /usr/lib/x86_64-linux-gnu/libpangoft2-1.0.so.0.3200.5
7f2b030a4000-7f2b032a3000 ---p 00013000 08:04 1311673                    /usr/lib/x86_64-linux-gnu/libpangoft2-1.0.so.0.3200.5
7f2b032a3000-7f2b032a4000 r--p 00012000 08:04 1311673                    /usr/lib/x86_64-linux-gnu/libpangoft2-1.0.so.0.3200.5
7f2b032a4000-7f2b032a5000 rw-p 00013000 08:04 1311673                    /usr/lib/x86_64-linux-gnu/libpangoft2-1.0.so.0.3200.5
7f2b032a5000-7f2b033a3000 r-xp 00000000 08:04 1316885                    /usr/lib/x86_64-linux-gnu/libcairo.so.2.11200.14
7f2b033a3000-7f2b035a3000 ---p 000fe000 08:04 1316885                    /usr/lib/x86_64-linux-gnu/libcairo.so.2.11200.14
7f2b035a3000-7f2b035a6000 r--p 000fe000 08:04 1316885                    /usr/lib/x86_64-linux-gnu/libcairo.so.2.11200.14
7f2b035a6000-7f2b035a7000 rw-p 00101000 08:04 1316885                    /usr/lib/x86_64-linux-gnu/libcairo.so.2.11200.14
7f2b035a7000-7f2b035a9000 rw-p 00000000 00:00 0 
7f2b035a9000-7f2b035c9000 r-xp 00000000 08:04 1308765                    /usr/lib/x86_64-linux-gnu/libatk-1.0.so.0.20809.1
7f2b035c9000-7f2b037c8000 ---p 00020000 08:04 1308765                    /usr/lib/x86_64-linux-gnu/libatk-1.0.so.0.20809.1
7f2b037c8000-7f2b037ca000 r--p 0001f000 08:04 1308765                    /usr/lib/x86_64-linux-gnu/libatk-1.0.so.0.20809.1
7f2b037ca000-7f2b037cb000 rw-p 00021000 08:04 1308765                    /usr/lib/x86_64-linux-gnu/libatk-1.0.so.0.20809.1
7f2b037cb000-7f2b037d0000 r-xp 00000000 08:04 1316152                    /usr/lib/x86_64-linux-gnu/libXfixes.so.3.1.0
7f2b037d0000-7f2b039cf000 ---p 00005000 08:04 1316152                    /usr/lib/x86_64-linux-gnu/libXfixes.so.3.1.0
7f2b039cf000-7f2b039d0000 r--p 00004000 08:04 1316152                    /usr/lib/x86_64-linux-gnu/libXfixes.so.3.1.0
7f2b039d0000-7f2b039d1000 rw-p 00005000 08:04 1316152                    /usr/lib/x86_64-linux-gnu/libXfixes.so.3.1.0
7f2b039d1000-7f2b039dc000 r-xp 00000000 08:04 1311667                    /usr/lib/x86_64-linux-gnu/libpangocairo-1.0.so.0.3200.5
7f2b039dc000-7f2b03bdc000 ---p 0000b000 08:04 1311667                    /usr/lib/x86_64-linux-gnu/libpangocairo-1.0.so.0.3200.5
7f2b03bdc000-7f2b03bdd000 r--p 0000b000 08:04 1311667                    /usr/lib/x86_64-linux-gnu/libpangocairo-1.0.so.0.3200.5
7f2b03bdd000-7f2b03bde000 rw-p 0000c000 08:04 1311667                    /usr/lib/x86_64-linux-gnu/libpangocairo-1.0.so.0.3200.5
7f2b03bde000-7f2b03be1000 r-xp 00000000 08:04 1312395                    /usr/lib/x86_64-linux-gnu/libgmodule-2.0.so.0.3600.0
7f2b03be1000-7f2b03de0000 ---p 00003000 08:04 1312395                    /usr/lib/x86_64-linux-gnu/libgmodule-2.0.so.0.3600.0
7f2b03de0000-7f2b03de1000 r--p 00002000 08:04 1312395                    /usr/lib/x86_64-linux-gnu/libgmodule-2.0.so.0.3600.0
7f2b03de1000-7f2b03de2000 rw-p 00003000 08:04 1312395                    /usr/lib/x86_64-linux-gnu/libgmodule-2.0.so.0.3600.0
7f2b03de2000-7f2b03dff000 r-xp 00000000 08:04 1320959                    /usr/lib/x86_64-linux-gnu/libxcb.so.1.1.0
7f2b03dff000-7f2b03ffe000 ---p 0001d000 08:04 1320959                    /usr/lib/x86_64-linux-gnu/libxcb.so.1.1.0
7f2b03ffe000-7f2b03fff000 r--p 0001c000 08:04 1320959                    /usr/lib/x86_64-linux-gnu/libxcb.so.1.1.0
7f2b03fff000-7f2b04000000 rw-p 0001d000 08:04 1320959                    /usr/lib/x86_64-linux-gnu/libxcb.so.1.1.0
7f2b04000000-7f2b06ebf000 rw-p 00000000 00:00 0 
7f2b06ebf000-7f2b08000000 ---p 00000000 00:00 0 
7f2b08000000-7f2b08021000 rw-p 00000000 00:00 0 
7f2b08021000-7f2b0c000000 ---p 00000000 00:00 0 
7f2b0c000000-7f2b0c021000 rw-p 00000000 00:00 0 
7f2b0c021000-7f2b10000000 ---p 00000000 00:00 0 
7f2b10000000-7f2b1082b000 rw-p 00000000 00:00 0 
7f2b1082b000-7f2b14000000 ---p 00000000 00:00 0 
7f2b14000000-7f2b14021000 rw-p 00000000 00:00 0 
7f2b14021000-7f2b18000000 ---p 00000000 00:00 0 
7f2b18000000-7f2b18021000 rw-p 00000000 00:00 0 
7f2b18021000-7f2b1c000000 ---p 00000000 00:00 0 
7f2b1c000000-7f2b1c021000 rw-p 00000000 00:00 0 
7f2b1c021000-7f2b20000000 ---p 00000000 00:00 0 
7f2b2000b000-7f2b20034000 rw-p 00000000 00:00 0 
7f2b20034000-7f2b20037000 ---p 00000000 00:00 0 
7f2b20037000-7f2b20135000 rw-p 00000000 00:00 0                          [stack:5705]
7f2b20135000-7f2b2018f000 r-xp 00000000 08:04 1308818                    /usr/lib/x86_64-linux-gnu/libcups.so.2
7f2b2018f000-7f2b2038f000 ---p 0005a000 08:04 1308818                    /usr/lib/x86_64-linux-gnu/libcups.so.2
7f2b2038f000-7f2b20394000 r--p 0005a000 08:04 1308818                    /usr/lib/x86_64-linux-gnu/libcups.so.2
7f2b20394000-7f2b20395000 rw-p 0005f000 08:04 1308818                    /usr/lib/x86_64-linux-gnu/libcups.so.2
7f2b20395000-7f2b2048e000 r-xp 00000000 08:04 131259                     /lib/x86_64-linux-gnu/libglib-2.0.so.0.3600.0
7f2b2048e000-7f2b2068e000 ---p 000f9000 08:04 131259                     /lib/x86_64-linux-gnu/libglib-2.0.so.0.3600.0
7f2b2068e000-7f2b2068f000 r--p 000f9000 08:04 131259                     /lib/x86_64-linux-gnu/libglib-2.0.so.0.3600.0
7f2b2068f000-7f2b20690000 rw-p 000fa000 08:04 131259                     /lib/x86_64-linux-gnu/libglib-2.0.so.0.3600.0
7f2b20690000-7f2b20691000 rw-p 00000000 00:00 0 
7f2b20691000-7f2b20692000 r-xp 00000000 08:04 1321044                    /usr/lib/x86_64-linux-gnu/libgthread-2.0.so.0.3600.0
7f2b20692000-7f2b20891000 ---p 00001000 08:04 1321044                    /usr/lib/x86_64-linux-gnu/libgthread-2.0.so.0.3600.0
7f2b20891000-7f2b20892000 r--p 00000000 08:04 1321044                    /usr/lib/x86_64-linux-gnu/libgthread-2.0.so.0.3600.0
7f2b20892000-7f2b20893000 rw-p 00001000 08:04 1321044                    /usr/lib/x86_64-linux-gnu/libgthread-2.0.so.0.3600.0
7f2b20893000-7f2b208e0000 r-xp 00000000 08:04 1321042                    /usr/lib/x86_64-linux-gnu/libgobject-2.0.so.0.3600.0
7f2b208e0000-7f2b20ae0000 ---p 0004d000 08:04 1321042                    /usr/lib/x86_64-linux-gnu/libgobject-2.0.so.0.3600.0
7f2b20ae0000-7f2b20ae1000 r--p 0004d000 08:04 1321042                    /usr/lib/x86_64-linux-gnu/libgobject-2.0.so.0.3600.0
7f2b20ae1000-7f2b20ae2000 rw-p 0004e000 08:04 1321042                    /usr/lib/x86_64-linux-gnu/libgobject-2.0.so.0.3600.0
7f2b20ae2000-7f2b20b19000 r-xp 00000000 08:04 1309012                    /usr/lib/x86_64-linux-gnu/libfontconfig.so.1.6.2
7f2b20b19000-7f2b20d19000 ---p 00037000 08:04 1309012                    /usr/lib/x86_64-linux-gnu/libfontconfig.so.1.6.2
7f2b20d19000-7f2b20d1a000 r--p 00037000 08:04 1309012                    /usr/lib/x86_64-linux-gnu/libfontconfig.so.1.6.2
7f2b20d1a000-7f2b20d1b000 rw-p 00038000 08:04 1309012                    /usr/lib/x86_64-linux-gnu/libfontconfig.so.1.6.2
7f2b20d1b000-7f2b20d1c000 rw-p 00000000 00:00 0 
7f2b20d1c000-7f2b20d64000 r-xp 00000000 08:04 1309277                    /usr/lib/x86_64-linux-gnu/libpango-1.0.so.0.3200.5
7f2b20d64000-7f2b20f64000 ---p 00048000 08:04 1309277                    /usr/lib/x86_64-linux-gnu/libpango-1.0.so.0.3200.5
7f2b20f64000-7f2b20f66000 r--p 00048000 08:04 1309277                    /usr/lib/x86_64-linux-gnu/libpango-1.0.so.0.3200.5
7f2b20f66000-7f2b20f67000 rw-p 0004a000 08:04 1309277                    /usr/lib/x86_64-linux-gnu/libpango-1.0.so.0.3200.5
7f2b20f67000-7f2b20f85000 r-xp 00000000 08:04 1309088                    /usr/lib/x86_64-linux-gnu/libgdk_pixbuf-2.0.so.0.2800.0
7f2b20f85000-7f2b21185000 ---p 0001e000 08:04 1309088                    /usr/lib/x86_64-linux-gnu/libgdk_pixbuf-2.0.so.0.2800.0
7f2b21185000-7f2b21186000 r--p 0001e000 08:04 1309088                    /usr/lib/x86_64-linux-gnu/libgdk_pixbuf-2.0.so.0.2800.0
7f2b21186000-7f2b21187000 rw-p 0001f000 08:04 1309088                    /usr/lib/x86_64-linux-gnu/libgdk_pixbuf-2.0.so.0.2800.0
7f2b21187000-7f2b212da000 r-xp 00000000 08:04 1321045                    /usr/lib/x86_64-linux-gnu/libgio-2.0.so.0.3600.0
7f2b212da000-7f2b214d9000 ---p 00153000 08:04 1321045                    /usr/lib/x86_64-linux-gnu/libgio-2.0.so.0.3600.0
7f2b214d9000-7f2b214dd000 r--p 00152000 08:04 1321045                    /usr/lib/x86_64-linux-gnu/libgio-2.0.so.0.3600.0
7f2b214dd000-7f2b214df000 rw-p 00156000 08:04 1321045                    /usr/lib/x86_64-linux-gnu/libgio-2.0.so.0.3600.0
7f2b214df000-7f2b214e1000 rw-p 00000000 00:00 0 
7f2b214e1000-7f2b2158e000 r-xp 00000000 08:04 1316387                    /usr/lib/x86_64-linux-gnu/libgdk-x11-2.0.so.0.2400.17
7f2b2158e000-7f2b2178d000 ---p 000ad000 08:04 1316387                    /usr/lib/x86_64-linux-gnu/libgdk-x11-2.0.so.0.2400.17
7f2b2178d000-7f2b21791000 r--p 000ac000 08:04 1316387                    /usr/lib/x86_64-linux-gnu/libgdk-x11-2.0.so.0.2400.17
7f2b21791000-7f2b21793000 rw-p 000b0000 08:04 1316387                    /usr/lib/x86_64-linux-gnu/libgdk-x11-2.0.so.0.2400.17
7f2b21793000-7f2b21bc0000 r-xp 00000000 08:04 1320208                    /usr/lib/x86_64-linux-gnu/libgtk-x11-2.0.so.0.2400.17
7f2b21bc0000-7f2b21dbf000 ---p 0042d000 08:04 1320208                    /usr/lib/x86_64-linux-gnu/libgtk-x11-2.0.so.0.2400.17
7f2b21dbf000-7f2b21dc6000 r--p 0042c000 08:04 1320208                    /usr/lib/x86_64-linux-gnu/libgtk-x11-2.0.so.0.2400.17
7f2b21dc6000-7f2b21dca000 rw-p 00433000 08:04 1320208                    /usr/lib/x86_64-linux-gnu/libgtk-x11-2.0.so.0.2400.17
7f2b21dca000-7f2b21dcc000 rw-p 00000000 00:00 0 
7f2b21dcc000-7f2b21dda000 r-xp 00000000 08:04 1316864                    /usr/lib/x86_64-linux-gnu/libXi.so.6.1.0
7f2b21dda000-7f2b21fd9000 ---p 0000e000 08:04 1316864                    /usr/lib/x86_64-linux-gnu/libXi.so.6.1.0
7f2b21fd9000-7f2b21fda000 r--p 0000d000 08:04 1316864                    /usr/lib/x86_64-linux-gnu/libXi.so.6.1.0
7f2b21fda000-7f2b21fdb000 rw-p 0000e000 08:04 1316864                    /usr/lib/x86_64-linux-gnu/libXi.so.6.1.0
7f2b21fdb000-7f2b21fe0000 r-xp 00000000 08:04 1316174                    /usr/lib/x86_64-linux-gnu/libXtst.so.6.1.0
7f2b21fe0000-7f2b221df000 ---p 00005000 08:04 1316174                    /usr/lib/x86_64-linux-gnu/libXtst.so.6.1.0
7f2b221df000-7f2b221e0000 r--p 00004000 08:04 1316174                    /usr/lib/x86_64-linux-gnu/libXtst.so.6.1.0
7f2b221e0000-7f2b221e1000 rw-p 00005000 08:04 1316174                    /usr/lib/x86_64-linux-gnu/libXtst.so.6.1.0
7f2b221e1000-7f2b221ea000 r-xp 00000000 08:04 1316170                    /usr/lib/x86_64-linux-gnu/libXrender.so.1.3.0
7f2b221ea000-7f2b223e9000 ---p 00009000 08:04 1316170                    /usr/lib/x86_64-linux-gnu/libXrender.so.1.3.0
7f2b223e9000-7f2b223ea000 r--p 00008000 08:04 1316170                    /usr/lib/x86_64-linux-gnu/libXrender.so.1.3.0
7f2b223ea000-7f2b223eb000 rw-p 00009000 08:04 1316170                    /usr/lib/x86_64-linux-gnu/libXrender.so.1.3.0
7f2b223eb000-7f2b2251f000 r-xp 00000000 08:04 1316889                    /usr/lib/x86_64-linux-gnu/libX11.so.6.3.0
7f2b2251f000-7f2b2271f000 ---p 00134000 08:04 1316889                    /usr/lib/x86_64-linux-gnu/libX11.so.6.3.0
7f2b2271f000-7f2b22720000 r--p 00134000 08:04 1316889                    /usr/lib/x86_64-linux-gnu/libX11.so.6.3.0
7f2b22720000-7f2b22725000 rw-p 00135000 08:04 1316889                    /usr/lib/x86_64-linux-gnu/libX11.so.6.3.0
7f2b22725000-7f2b22735000 r-xp 00000000 08:04 1316150                    /usr/lib/x86_64-linux-gnu/libXext.so.6.4.0
7f2b22735000-7f2b22935000 ---p 00010000 08:04 1316150                    /usr/lib/x86_64-linux-gnu/libXext.so.6.4.0
7f2b22935000-7f2b22936000 r--p 00010000 08:04 1316150                    /usr/lib/x86_64-linux-gnu/libXext.so.6.4.0
7f2b22936000-7f2b22937000 rw-p 00011000 08:04 1316150                    /usr/lib/x86_64-linux-gnu/libXext.so.6.4.0
7f2b22954000-7f2b229a6000 r-xp 00000000 08:04 1441662                    /usr/lib/jvm/java-7-openjdk-amd64/jre/lib/amd64/xawt/libmawt.so
7f2b229a6000-7f2b22ba6000 ---p 00052000 08:04 1441662                    /usr/lib/jvm/java-7-openjdk-amd64/jre/lib/amd64/xawt/libmawt.so
7f2b22ba6000-7f2b22ba7000 r--p 00052000 08:04 1441662                    /usr/lib/jvm/java-7-openjdk-amd64/jre/lib/amd64/xawt/libmawt.so
7f2b22ba7000-7f2b22baa000 rw-p 00053000 08:04 1441662                    /usr/lib/jvm/java-7-openjdk-amd64/jre/lib/amd64/xawt/libmawt.so
7f2b22baa000-7f2b22bab000 rw-p 00000000 00:00 0 
7f2b22bab000-7f2b22c4c000 r-xp 00000000 08:04 1449899                    /usr/lib/jvm/java-7-openjdk-amd64/jre/lib/amd64/libawt.so
7f2b22c4c000-7f2b22e4b000 ---p 000a1000 08:04 1449899                    /usr/lib/jvm/java-7-openjdk-amd64/jre/lib/amd64/libawt.so
7f2b22e4b000-7f2b22e4c000 r--p 000a0000 08:04 1449899                    /usr/lib/jvm/java-7-openjdk-amd64/jre/lib/amd64/libawt.so
7f2b22e4c000-7f2b22e57000 rw-p 000a1000 08:04 1449899                    /usr/lib/jvm/java-7-openjdk-amd64/jre/lib/amd64/libawt.so
7f2b22e57000-7f2b22e7c000 rw-p 00000000 00:00 0 
7f2b22e7c000-7f2b22ee6000 r-xp 00000000 08:04 921231                     /tmp/libgdxlactor/2726830981/libgdx64.so
7f2b22ee6000-7f2b230e6000 ---p 0006a000 08:04 921231                     /tmp/libgdxlactor/2726830981/libgdx64.so
7f2b230e6000-7f2b230e8000 r--p 0006a000 08:04 921231                     /tmp/libgdxlactor/2726830981/libgdx64.so
7f2b230e8000-7f2b230e9000 rw-p 0006c000 08:04 921231                     /tmp/libgdxlactor/2726830981/libgdx64.so
7f2b230e9000-7f2b230ea000 rw-p 00000000 00:00 0 
7f2b230ea000-7f2b230eb000 ---p 00000000 00:00 0 
7f2b230eb000-7f2b231eb000 rw-p 00000000 00:00 0                          [stack:5704]
7f2b231eb000-7f2b231ee000 ---p 00000000 00:00 0 
7f2b231ee000-7f2b232ec000 rw-p 00000000 00:00 0                          [stack:5703]
7f2b232ec000-7f2b232ef000 ---p 00000000 00:00 0 
7f2b232ef000-7f2b233ed000 rw-p 00000000 00:00 0                          [stack:5702]
7f2b233ed000-7f2b233f0000 ---p 00000000 00:00 0 
7f2b233f0000-7f2b234ee000 rw-p 00000000 00:00 0                          [stack:5701]
7f2b234ee000-7f2b234f1000 ---p 00000000 00:00 0 
7f2b234f1000-7f2b235ef000 rw-p 00000000 00:00 0                          [stack:5700]
7f2b235ef000-7f2b238b8000 r--p 00000000 08:04 1309581                    /usr/lib/locale/locale-archive
7f2b238b8000-7f2b238bb000 ---p 00000000 00:00 0 
7f2b238bb000-7f2b239b9000 rw-p 00000000 00:00 0                          [stack:5699]
7f2b239b9000-7f2b239bc000 ---p 00000000 00:00 0 
7f2b239bc000-7f2b23aba000 rw-p 00000000 00:00 0                          [stack:5698]
7f2b23aba000-7f2b23abb000 ---p 00000000 00:00 0 
7f2b23abb000-7f2b23c27000 rw-p 00000000 00:00 0                          [stack:5697]
7f2b23c27000-7f2b23dd4000 r--s 01cde000 08:04 1443007                    /usr/lib/jvm/java-7-openjdk-amd64/jre/lib/rt.jar
7f2b23dd4000-7f2b23dd9000 rw-p 00000000 00:00 0 
7f2b23dd9000-7f2b23e43000 rw-p 00000000 00:00 0 
7f2b23e43000-7f2b23e4d000 rw-p 00000000 00:00 0 
7f2b23e4d000-7f2b23f21000 rw-p 00000000 00:00 0 
7f2b23f21000-7f2b23f2c000 rw-p 00000000 00:00 0 
7f2b23f2c000-7f2b23f74000 rw-p 00000000 00:00 0 
7f2b23f74000-7f2b23f75000 rw-p 00000000 00:00 0 
7f2b23f75000-7f2b241e5000 rwxp 00000000 00:00 0 
7f2b241e5000-7f2b26f75000 rw-p 00000000 00:00 0 
7f2b26f75000-7f2b26f7d000 r-xp 00000000 08:04 1449913                    /usr/lib/jvm/java-7-openjdk-amd64/jre/lib/amd64/libzip.so
7f2b26f7d000-7f2b2717c000 ---p 00008000 08:04 1449913                    /usr/lib/jvm/java-7-openjdk-amd64/jre/lib/amd64/libzip.so
7f2b2717c000-7f2b2717d000 r--p 00007000 08:04 1449913                    /usr/lib/jvm/java-7-openjdk-amd64/jre/lib/amd64/libzip.so
7f2b2717d000-7f2b2717e000 rw-p 00008000 08:04 1449913                    /usr/lib/jvm/java-7-openjdk-amd64/jre/lib/amd64/libzip.so
7f2b2717e000-7f2b2718a000 r-xp 00000000 08:04 131207                     /lib/x86_64-linux-gnu/libnss_files-2.17.so
7f2b2718a000-7f2b27389000 ---p 0000c000 08:04 131207                     /lib/x86_64-linux-gnu/libnss_files-2.17.so
7f2b27389000-7f2b2738a000 r--p 0000b000 08:04 131207                     /lib/x86_64-linux-gnu/libnss_files-2.17.so
7f2b2738a000-7f2b2738b000 rw-p 0000c000 08:04 131207                     /lib/x86_64-linux-gnu/libnss_files-2.17.so
7f2b2738b000-7f2b27396000 r-xp 00000000 08:04 131201                     /lib/x86_64-linux-gnu/libnss_nis-2.17.so
7f2b27396000-7f2b27595000 ---p 0000b000 08:04 131201                     /lib/x86_64-linux-gnu/libnss_nis-2.17.so
7f2b27595000-7f2b27596000 r--p 0000a000 08:04 131201                     /lib/x86_64-linux-gnu/libnss_nis-2.17.so
7f2b27596000-7f2b27597000 rw-p 0000b000 08:04 131201                     /lib/x86_64-linux-gnu/libnss_nis-2.17.so
7f2b27597000-7f2b275ae000 r-xp 00000000 08:04 131170                     /lib/x86_64-linux-gnu/libnsl-2.17.so
7f2b275ae000-7f2b277ad000 ---p 00017000 08:04 131170                     /lib/x86_64-linux-gnu/libnsl-2.17.so
7f2b277ad000-7f2b277ae000 r--p 00016000 08:04 131170                     /lib/x86_64-linux-gnu/libnsl-2.17.so
7f2b277ae000-7f2b277af000 rw-p 00017000 08:04 131170                     /lib/x86_64-linux-gnu/libnsl-2.17.so
7f2b277af000-7f2b277b1000 rw-p 00000000 00:00 0 
7f2b277b1000-7f2b277b9000 r-xp 00000000 08:04 131191                     /lib/x86_64-linux-gnu/libnss_compat-2.17.so
7f2b277b9000-7f2b279b8000 ---p 00008000 08:04 131191                     /lib/x86_64-linux-gnu/libnss_compat-2.17.so
7f2b279b8000-7f2b279b9000 r--p 00007000 08:04 131191                     /lib/x86_64-linux-gnu/libnss_compat-2.17.so
7f2b279b9000-7f2b279ba000 rw-p 00008000 08:04 131191                     /lib/x86_64-linux-gnu/libnss_compat-2.17.so
7f2b279ba000-7f2b279e5000 r-xp 00000000 08:04 1449898                    /usr/lib/jvm/java-7-openjdk-amd64/jre/lib/amd64/libjava.so
7f2b279e5000-7f2b27be4000 ---p 0002b000 08:04 1449898                    /usr/lib/jvm/java-7-openjdk-amd64/jre/lib/amd64/libjava.so
7f2b27be4000-7f2b27be5000 r--p 0002a000 08:04 1449898                    /usr/lib/jvm/java-7-openjdk-amd64/jre/lib/amd64/libjava.so
7f2b27be5000-7f2b27be7000 rw-p 0002b000 08:04 1449898                    /usr/lib/jvm/java-7-openjdk-amd64/jre/lib/amd64/libjava.so
7f2b27be7000-7f2b27bf6000 r-xp 00000000 08:04 1449897                    /usr/lib/jvm/java-7-openjdk-amd64/jre/lib/amd64/libverify.so
7f2b27bf6000-7f2b27df5000 ---p 0000f000 08:04 1449897                    /usr/lib/jvm/java-7-openjdk-amd64/jre/lib/amd64/libverify.so
7f2b27df5000-7f2b27df7000 r--p 0000e000 08:04 1449897                    /usr/lib/jvm/java-7-openjdk-amd64/jre/lib/amd64/libverify.so
7f2b27df7000-7f2b27df8000 rw-p 00010000 08:04 1449897                    /usr/lib/jvm/java-7-openjdk-amd64/jre/lib/amd64/libverify.so
7f2b27df8000-7f2b27dff000 r-xp 00000000 08:04 131164                     /lib/x86_64-linux-gnu/librt-2.17.so
7f2b27dff000-7f2b27ffe000 ---p 00007000 08:04 131164                     /lib/x86_64-linux-gnu/librt-2.17.so
7f2b27ffe000-7f2b27fff000 r--p 00006000 08:04 131164                     /lib/x86_64-linux-gnu/librt-2.17.so
7f2b27fff000-7f2b28000000 rw-p 00007000 08:04 131164                     /lib/x86_64-linux-gnu/librt-2.17.so
7f2b28000000-7f2b283c2000 rw-p 00000000 00:00 0 
7f2b283c2000-7f2b2c000000 ---p 00000000 00:00 0 
7f2b2c001000-7f2b2c008000 r--s 00000000 08:04 1723311                    /usr/lib/x86_64-linux-gnu/gconv/gconv-modules.cache
7f2b2c008000-7f2b2c011000 r--s 000bc000 08:04 1323340                    /usr/lib/jvm/java-7-openjdk-common/jre/lib/resources.jar
7f2b2c011000-7f2b2c023000 r--s 00125000 08:03 1465                       /media/lactor/DATA/GIT/zwali-git/zwali-desktop/libs/gdx-backend-lwjgl.jar
7f2b2c023000-7f2b2c056000 rw-p 00000000 00:00 0 
7f2b2c056000-7f2b2c09f000 rw-p 00000000 00:00 0 
7f2b2c09f000-7f2b2c0a9000 rw-p 00000000 00:00 0 
7f2b2c0a9000-7f2b2c17e000 rw-p 00000000 00:00 0 
7f2b2c17e000-7f2b2c192000 r-xp 00000000 08:04 130919                     /lib/x86_64-linux-gnu/libgcc_s.so.1
7f2b2c192000-7f2b2c392000 ---p 00014000 08:04 130919                     /lib/x86_64-linux-gnu/libgcc_s.so.1
7f2b2c392000-7f2b2c393000 r--p 00014000 08:04 130919                     /lib/x86_64-linux-gnu/libgcc_s.so.1
7f2b2c393000-7f2b2c394000 rw-p 00015000 08:04 130919                     /lib/x86_64-linux-gnu/libgcc_s.so.1
7f2b2c394000-7f2b2c497000 r-xp 00000000 08:04 131197                     /lib/x86_64-linux-gnu/libm-2.17.so
7f2b2c497000-7f2b2c697000 ---p 00103000 08:04 131197                     /lib/x86_64-linux-gnu/libm-2.17.so
7f2b2c697000-7f2b2c698000 r--p 00103000 08:04 131197                     /lib/x86_64-linux-gnu/libm-2.17.so
7f2b2c698000-7f2b2c699000 rw-p 00104000 08:04 131197                     /lib/x86_64-linux-gnu/libm-2.17.so
7f2b2c699000-7f2b2c77e000 r-xp 00000000 08:04 1316284                    /usr/lib/x86_64-linux-gnu/libstdc++.so.6.0.17
7f2b2c77e000-7f2b2c97d000 ---p 000e5000 08:04 1316284                    /usr/lib/x86_64-linux-gnu/libstdc++.so.6.0.17
7f2b2c97d000-7f2b2c985000 r--p 000e4000 08:04 1316284                    /usr/lib/x86_64-linux-gnu/libstdc++.so.6.0.17
7f2b2c985000-7f2b2c987000 rw-p 000ec000 08:04 1316284                    /usr/lib/x86_64-linux-gnu/libstdc++.so.6.0.17
7f2b2c987000-7f2b2c99c000 rw-p 00000000 00:00 0 
7f2b2c99c000-7f2b2d397000 r-xp 00000000 08:04 1449902                    /usr/lib/jvm/java-7-openjdk-amd64/jre/lib/amd64/server/libjvm.so
7f2b2d397000-7f2b2d596000 ---p 009fb000 08:04 1449902                    /usr/lib/jvm/java-7-openjdk-amd64/jre/lib/amd64/server/libjvm.so
7f2b2d596000-7f2b2d615000 r--p 009fa000 08:04 1449902                    /usr/lib/jvm/java-7-openjdk-amd64/jre/lib/amd64/server/libjvm.so
7f2b2d615000-7f2b2d638000 rw-p 00a79000 08:04 1449902                    /usr/lib/jvm/java-7-openjdk-amd64/jre/lib/amd64/server/libjvm.so
7f2b2d638000-7f2b2d663000 rw-p 00000000 00:00 0 
7f2b2d663000-7f2b2d679000 r-xp 00000000 08:04 131223                     /lib/x86_64-linux-gnu/libz.so.1.2.7
7f2b2d679000-7f2b2d878000 ---p 00016000 08:04 131223                     /lib/x86_64-linux-gnu/libz.so.1.2.7
7f2b2d878000-7f2b2d879000 r--p 00015000 08:04 131223                     /lib/x86_64-linux-gnu/libz.so.1.2.7
7f2b2d879000-7f2b2d87a000 rw-p 00016000 08:04 131223                     /lib/x86_64-linux-gnu/libz.so.1.2.7
7f2b2d87a000-7f2b2d892000 r-xp 00000000 08:04 131195                     /lib/x86_64-linux-gnu/libpthread-2.17.so
7f2b2d892000-7f2b2da91000 ---p 00018000 08:04 131195                     /lib/x86_64-linux-gnu/libpthread-2.17.so
7f2b2da91000-7f2b2da92000 r--p 00017000 08:04 131195                     /lib/x86_64-linux-gnu/libpthread-2.17.so
7f2b2da92000-7f2b2da93000 rw-p 00018000 08:04 131195                     /lib/x86_64-linux-gnu/libpthread-2.17.so
7f2b2da93000-7f2b2da97000 rw-p 00000000 00:00 0 
7f2b2da97000-7f2b2da9a000 r-xp 00000000 08:04 131187                     /lib/x86_64-linux-gnu/libdl-2.17.so
7f2b2da9a000-7f2b2dc99000 ---p 00003000 08:04 131187                     /lib/x86_64-linux-gnu/libdl-2.17.so
7f2b2dc99000-7f2b2dc9a000 r--p 00002000 08:04 131187                     /lib/x86_64-linux-gnu/libdl-2.17.so
7f2b2dc9a000-7f2b2dc9b000 rw-p 00003000 08:04 131187                     /lib/x86_64-linux-gnu/libdl-2.17.so
7f2b2dc9b000-7f2b2de59000 r-xp 00000000 08:04 131185                     /lib/x86_64-linux-gnu/libc-2.17.so
7f2b2de59000-7f2b2e058000 ---p 001be000 08:04 131185                     /lib/x86_64-linux-gnu/libc-2.17.so
7f2b2e058000-7f2b2e05c000 r--p 001bd000 08:04 131185                     /lib/x86_64-linux-gnu/libc-2.17.so
7f2b2e05c000-7f2b2e05e000 rw-p 001c1000 08:04 131185                     /lib/x86_64-linux-gnu/libc-2.17.so
7f2b2e05e000-7f2b2e063000 rw-p 00000000 00:00 0 
7f2b2e063000-7f2b2e070000 r-xp 00000000 08:04 1443013                    /usr/lib/jvm/java-7-openjdk-amd64/jre/lib/amd64/jli/libjli.so
7f2b2e070000-7f2b2e26f000 ---p 0000d000 08:04 1443013                    /usr/lib/jvm/java-7-openjdk-amd64/jre/lib/amd64/jli/libjli.so
7f2b2e26f000-7f2b2e270000 r--p 0000c000 08:04 1443013                    /usr/lib/jvm/java-7-openjdk-amd64/jre/lib/amd64/jli/libjli.so
7f2b2e270000-7f2b2e271000 rw-p 0000d000 08:04 1443013                    /usr/lib/jvm/java-7-openjdk-amd64/jre/lib/amd64/jli/libjli.so
7f2b2e271000-7f2b2e294000 r-xp 00000000 08:04 131177                     /lib/x86_64-linux-gnu/ld-2.17.so
7f2b2e297000-7f2b2e298000 rwxp 00000000 00:00 0 
7f2b2e298000-7f2b2e299000 rw-s 10c9f2000 00:05 10427                     /dev/dri/card0
7f2b2e299000-7f2b2e29a000 r--s 00183000 08:03 1466                       /media/lactor/DATA/GIT/zwali-git/zwali-desktop/libs/gdx-natives.jar
7f2b2e29a000-7f2b2e29b000 r--s 00162000 08:03 1463                       /media/lactor/DATA/GIT/zwali-git/zwali-desktop/libs/gdx-backend-lwjgl-natives.jar
7f2b2e29b000-7f2b2e2ae000 r--s 00116000 08:03 1517                       /media/lactor/DATA/GIT/zwali-git/zwali/libs/gdx.jar
7f2b2e2ae000-7f2b2e2b8000 rw-p 00000000 00:00 0 
7f2b2e2b8000-7f2b2e36e000 rw-p 00000000 00:00 0 
7f2b2e36e000-7f2b2e371000 ---p 00000000 00:00 0 
7f2b2e371000-7f2b2e474000 rw-p 00000000 00:00 0                          [stack:5696]
7f2b2e474000-7f2b2e475000 r--s 00004000 08:03 1518                       /media/lactor/DATA/GIT/zwali-git/zwali/libs/ruthlessapi.jar
7f2b2e475000-7f2b2e479000 r--s 00085000 08:04 1322288                    /usr/lib/jvm/java-7-openjdk-common/jre/lib/ext/localedata.jar
7f2b2e479000-7f2b2e47b000 r--s 00012000 08:04 1322292                    /usr/lib/jvm/java-7-openjdk-common/jre/lib/ext/zipfs.jar
7f2b2e47b000-7f2b2e47e000 r--s 00032000 08:04 1322289                    /usr/lib/jvm/java-7-openjdk-common/jre/lib/ext/sunjce_provider.jar
7f2b2e47e000-7f2b2e47f000 r--s 00002000 08:04 1322291                    /usr/lib/jvm/java-7-openjdk-common/jre/lib/ext/dnsns.jar
7f2b2e47f000-7f2b2e482000 r--s 0003c000 08:04 1322287                    /usr/lib/jvm/java-7-openjdk-common/jre/lib/ext/sunpkcs11.jar
7f2b2e482000-7f2b2e485000 r--s 0000f000 08:04 1322294                    /usr/lib/jvm/java-7-openjdk-common/jre/lib/ext/pulse-java.jar
7f2b2e485000-7f2b2e487000 r--s 00006000 08:04 1720142                    /usr/share/java/java-atk-wrapper.jar
7f2b2e487000-7f2b2e48f000 rw-s 00000000 08:04 921393                     /tmp/hsperfdata_lactor/5690
7f2b2e48f000-7f2b2e490000 rw-p 00000000 00:00 0 
7f2b2e490000-7f2b2e491000 r--p 00000000 00:00 0 
7f2b2e491000-7f2b2e493000 rw-p 00000000 00:00 0 
7f2b2e493000-7f2b2e494000 r--p 00022000 08:04 131177                     /lib/x86_64-linux-gnu/ld-2.17.so
7f2b2e494000-7f2b2e496000 rw-p 00023000 08:04 131177                     /lib/x86_64-linux-gnu/ld-2.17.so
7fff40874000-7fff40895000 rw-p 00000000 00:00 0                          [stack]
7fff409fe000-7fff40a00000 r-xp 00000000 00:00 0                          [vdso]
ffffffffff600000-ffffffffff601000 r-xp 00000000 00:00 0                  [vsyscall]

VM Arguments:
jvm_args: -Dfile.encoding=UTF-8 
java_command: com.me.zwali.Main
Launcher Type: SUN_STANDARD

Environment Variables:
PATH=/usr/lib/lightdm/lightdm:/usr/local/sbin:/usr/local/bin:/usr/sbin:/usr/bin:/sbin:/bin:/usr/games:/usr/local/games
SHELL=/bin/bash
DISPLAY=:0.0

Signal Handlers:
SIGSEGV: [libjvm.so+0x857ed0], sa_mask[0]=0x7ffbfeff, sa_flags=0x10000004
SIGBUS: [libjvm.so+0x857ed0], sa_mask[0]=0x7ffbfeff, sa_flags=0x10000004
SIGFPE: [libjvm.so+0x6f8ab0], sa_mask[0]=0x7ffbfeff, sa_flags=0x10000004
SIGPIPE: [libjvm.so+0x6f8ab0], sa_mask[0]=0x7ffbfeff, sa_flags=0x10000004
SIGXFSZ: [libjvm.so+0x6f8ab0], sa_mask[0]=0x7ffbfeff, sa_flags=0x10000004
SIGILL: [libjvm.so+0x6f8ab0], sa_mask[0]=0x7ffbfeff, sa_flags=0x10000004
SIGUSR1: SIG_DFL, sa_mask[0]=0x00000000, sa_flags=0x00000000
SIGUSR2: [libjvm.so+0x6f8e80], sa_mask[0]=0x00000004, sa_flags=0x10000004
SIGHUP: [libjvm.so+0x6f8fc0], sa_mask[0]=0x7ffbfeff, sa_flags=0x10000004
SIGINT: [libjvm.so+0x6f8fc0], sa_mask[0]=0x7ffbfeff, sa_flags=0x10000004
SIGTERM: [libjvm.so+0x6f8fc0], sa_mask[0]=0x7ffbfeff, sa_flags=0x10000004
SIGQUIT: [libjvm.so+0x6f8fc0], sa_mask[0]=0x7ffbfeff, sa_flags=0x10000004


---------------  S Y S T E M  ---------------

OS:Ubuntu 13.04 (raring)
uname:Linux 3.8.0-23-generic #34-Ubuntu SMP Wed May 29 20:22:58 UTC 2013 x86_64
libc:glibc 2.17 NPTL 2.17 
rlimit: STACK 8192k, CORE 0k, NPROC 13472, NOFILE 4096, AS infinity
load average:2.33 1.27 0.85

/proc/meminfo:
MemTotal:        1787488 kB
MemFree:           77668 kB
Buffers:           11636 kB
Cached:           260448 kB
SwapCached:       134476 kB
Active:          1028200 kB
Inactive:         533512 kB
Active(anon):     883956 kB
Inactive(anon):   430140 kB
Active(file):     144244 kB
Inactive(file):   103372 kB
Unevictable:          80 kB
Mlocked:              80 kB
SwapTotal:       1830908 kB
SwapFree:        1671936 kB
Dirty:              1828 kB
Writeback:             0 kB
AnonPages:       1157820 kB
Mapped:           121760 kB
Shmem:             24304 kB
Slab:              58436 kB
SReclaimable:      31244 kB
SUnreclaim:        27192 kB
KernelStack:        4640 kB
PageTables:        39420 kB
NFS_Unstable:          0 kB
Bounce:                0 kB
WritebackTmp:          0 kB
CommitLimit:     2724652 kB
Committed_AS:    4189180 kB
VmallocTotal:   34359738367 kB
VmallocUsed:       68192 kB
VmallocChunk:   34359660092 kB
HardwareCorrupted:     0 kB
AnonHugePages:         0 kB
HugePages_Total:       0
HugePages_Free:        0
HugePages_Rsvd:        0
HugePages_Surp:        0
Hugepagesize:       2048 kB
DirectMap4k:       56296 kB
DirectMap2M:     2039808 kB


CPU:total 2 (2 cores per cpu, 1 threads per core) family 6 model 23 stepping 10, cmov, cx8, fxsr, mmx, sse, sse2, sse3, ssse3, sse4.1, tsc

/proc/cpuinfo:
processor	: 0
vendor_id	: GenuineIntel
cpu family	: 6
model		: 23
model name	: Intel(R) Core(TM)2 Duo CPU     P8600  @ 2.40GHz
stepping	: 10
microcode	: 0xa07
cpu MHz		: 2394.000
cache size	: 3072 KB
physical id	: 0
siblings	: 2
core id		: 0
cpu cores	: 2
apicid		: 0
initial apicid	: 0
fpu		: yes
fpu_exception	: yes
cpuid level	: 13
wp		: yes
flags		: fpu vme de pse tsc msr pae mce cx8 apic sep mtrr pge mca cmov pat pse36 clflush dts acpi mmx fxsr sse sse2 ss ht tm pbe syscall nx lm constant_tsc arch_perfmon pebs bts rep_good nopl aperfmperf pni dtes64 monitor ds_cpl vmx smx est tm2 ssse3 cx16 xtpr pdcm sse4_1 xsave lahf_lm dtherm tpr_shadow vnmi flexpriority
bogomips	: 4778.28
clflush size	: 64
cache_alignment	: 64
address sizes	: 36 bits physical, 48 bits virtual
power management:

processor	: 1
vendor_id	: GenuineIntel
cpu family	: 6
model		: 23
model name	: Intel(R) Core(TM)2 Duo CPU     P8600  @ 2.40GHz
stepping	: 10
microcode	: 0xa07
cpu MHz		: 2394.000
cache size	: 3072 KB
physical id	: 0
siblings	: 2
core id		: 1
cpu cores	: 2
apicid		: 1
initial apicid	: 1
fpu		: yes
fpu_exception	: yes
cpuid level	: 13
wp		: yes
flags		: fpu vme de pse tsc msr pae mce cx8 apic sep mtrr pge mca cmov pat pse36 clflush dts acpi mmx fxsr sse sse2 ss ht tm pbe syscall nx lm constant_tsc arch_perfmon pebs bts rep_good nopl aperfmperf pni dtes64 monitor ds_cpl vmx smx est tm2 ssse3 cx16 xtpr pdcm sse4_1 xsave lahf_lm dtherm tpr_shadow vnmi flexpriority
bogomips	: 4778.28
clflush size	: 64
cache_alignment	: 64
address sizes	: 36 bits physical, 48 bits virtual
power management:



Memory: 4k page, physical 1787488k(77668k free), swap 1830908k(1671936k free)

vm_info: OpenJDK 64-Bit Server VM (23.7-b01) for linux-amd64 JRE (1.7.0_21-b02), built on Apr 22 2013 07:43:15 by "buildd" with gcc 4.7.3

time: Wed Jun  5 12:04:46 2013
elapsed time: 199 seconds

